[ 2015-11-15T00:03:30+08:00 ] ::1 /cleanMine/index.php/Home/Index/registerNameCheck
INFO: [ app_begin ] --START--
INFO: Run Behavior\ReadHtmlCacheBehavior [ RunTime:0.000033s ]
INFO: [ app_begin ] --END-- [ RunTime:0.000089s ]
SQL: SHOW COLUMNS FROM `user` [ RunTime:0.0006s ]
SQL: SELECT COUNT(*) AS tp_count FROM `user` WHERE `name` = 'chanran' LIMIT 1   [ RunTime:0.0003s ]

[ 2015-11-15T00:03:31+08:00 ] ::1 /cleanMine/index.php/Home/Index/registerNameCheck
INFO: [ app_begin ] --START--
INFO: Run Behavior\ReadHtmlCacheBehavior [ RunTime:0.000046s ]
INFO: [ app_begin ] --END-- [ RunTime:0.000123s ]
SQL: SHOW COLUMNS FROM `user` [ RunTime:0.0009s ]
SQL: SELECT COUNT(*) AS tp_count FROM `user` WHERE `name` = 'chanran' LIMIT 1   [ RunTime:0.0002s ]

[ 2015-11-15T00:03:56+08:00 ] ::1 /cleanMine/index.php/Home/Index/loginNameCheck
INFO: [ app_begin ] --START--
INFO: Run Behavior\ReadHtmlCacheBehavior [ RunTime:0.000067s ]
INFO: [ app_begin ] --END-- [ RunTime:0.000191s ]
SQL: SHOW COLUMNS FROM `user` [ RunTime:0.0017s ]
SQL: SELECT COUNT(*) AS tp_count FROM `user` WHERE `name` = 'chanran' LIMIT 1   [ RunTime:0.0002s ]

[ 2015-11-15T00:04:01+08:00 ] ::1 /cleanMine/index.php/Home/Index/registerCheck
INFO: [ app_begin ] --START--
INFO: Run Behavior\ReadHtmlCacheBehavior [ RunTime:0.000031s ]
INFO: [ app_begin ] --END-- [ RunTime:0.000083s ]
SQL: SHOW COLUMNS FROM `user` [ RunTime:0.0006s ]
SQL: SELECT COUNT(*) AS tp_count FROM `user` WHERE `name` = 'chanran' LIMIT 1   [ RunTime:0.0001s ]
NOTIC: [8] Undefined index: validate /var/www/cleanMine/ThinkPHP/Library/Think/Model.class.php 第 1185 行.
NOTIC: [8] Undefined index: auto /var/www/cleanMine/ThinkPHP/Library/Think/Model.class.php 第 1128 行.
SQL: INSERT INTO `user` (`name`,`pwd`,`time_to_live`,`register_time`) VALUES ('chanran','e10adc3949ba59abbe56e057f20f883e','0','20151115') [ RunTime:0.0297s ]

[ 2015-11-15T00:04:05+08:00 ] ::1 /cleanMine/index.php/Home/Index/loginNameCheck
INFO: [ app_begin ] --START--
INFO: Run Behavior\ReadHtmlCacheBehavior [ RunTime:0.000033s ]
INFO: [ app_begin ] --END-- [ RunTime:0.000081s ]
SQL: SHOW COLUMNS FROM `user` [ RunTime:0.0006s ]
SQL: SELECT COUNT(*) AS tp_count FROM `user` WHERE `name` = 'chanran' LIMIT 1   [ RunTime:0.0007s ]

[ 2015-11-15T00:04:07+08:00 ] ::1 /cleanMine/index.php/Home/Index/loginNameCheck
INFO: [ app_begin ] --START--
INFO: Run Behavior\ReadHtmlCacheBehavior [ RunTime:0.000061s ]
INFO: [ app_begin ] --END-- [ RunTime:0.000172s ]
SQL: SHOW COLUMNS FROM `user` [ RunTime:0.0012s ]
SQL: SELECT COUNT(*) AS tp_count FROM `user` WHERE `name` = 'chanran' LIMIT 1   [ RunTime:0.0001s ]

[ 2015-11-15T00:04:08+08:00 ] ::1 /cleanMine/index.php/Home/Index/registerNameCheck
INFO: [ app_begin ] --START--
INFO: Run Behavior\ReadHtmlCacheBehavior [ RunTime:0.000053s ]
INFO: [ app_begin ] --END-- [ RunTime:0.000151s ]
SQL: SHOW COLUMNS FROM `user` [ RunTime:0.0010s ]
SQL: SELECT COUNT(*) AS tp_count FROM `user` WHERE `name` = 'chanran' LIMIT 1   [ RunTime:0.0002s ]

[ 2015-11-15T00:04:18+08:00 ] ::1 /cleanMine/index.php/Home/Index/registerCheck
INFO: [ app_begin ] --START--
INFO: Run Behavior\ReadHtmlCacheBehavior [ RunTime:0.000036s ]
INFO: [ app_begin ] --END-- [ RunTime:0.000083s ]
SQL: SHOW COLUMNS FROM `user` [ RunTime:0.0007s ]
SQL: SELECT COUNT(*) AS tp_count FROM `user` WHERE `name` = 'chanran' LIMIT 1   [ RunTime:0.0001s ]

[ 2015-11-15T00:05:48+08:00 ] ::1 /cleanMine/index.php/Home/Index/loginCheck
INFO: [ app_begin ] --START--
INFO: Run Behavior\ReadHtmlCacheBehavior [ RunTime:0.000031s ]
INFO: [ app_begin ] --END-- [ RunTime:0.000080s ]
SQL: SHOW COLUMNS FROM `user` [ RunTime:0.0007s ]
SQL: SELECT COUNT(*) AS tp_count FROM `user` WHERE `name` = 'chanran' AND `pwd` = '6c8a808b40de1c9d4354698c48f6f9cd' LIMIT 1   [ RunTime:0.0005s ]

[ 2015-11-15T00:05:53+08:00 ] ::1 /cleanMine/index.php/Home/Index/loginCheck
INFO: [ app_begin ] --START--
INFO: Run Behavior\ReadHtmlCacheBehavior [ RunTime:0.000079s ]
INFO: [ app_begin ] --END-- [ RunTime:0.000217s ]
SQL: SHOW COLUMNS FROM `user` [ RunTime:0.0011s ]
SQL: SELECT COUNT(*) AS tp_count FROM `user` WHERE `name` = 'chanran' AND `pwd` = 'e10adc3949ba59abbe56e057f20f883e' LIMIT 1   [ RunTime:0.0006s ]

[ 2015-11-15T00:06:01+08:00 ] ::1 /cleanMine/index.php/Home/Index/registerNameCheck
INFO: [ app_begin ] --START--
INFO: Run Behavior\ReadHtmlCacheBehavior [ RunTime:0.000027s ]
INFO: [ app_begin ] --END-- [ RunTime:0.000071s ]
SQL: SHOW COLUMNS FROM `user` [ RunTime:0.0012s ]
SQL: SELECT COUNT(*) AS tp_count FROM `user` WHERE `name` = 'blue' LIMIT 1   [ RunTime:0.0014s ]

[ 2015-11-15T00:06:21+08:00 ] ::1 /cleanMine/index.php/Home/Index/registerCheck
INFO: [ app_begin ] --START--
INFO: Run Behavior\ReadHtmlCacheBehavior [ RunTime:0.000094s ]
INFO: [ app_begin ] --END-- [ RunTime:0.000270s ]
SQL: SHOW COLUMNS FROM `user` [ RunTime:0.0015s ]
SQL: SELECT COUNT(*) AS tp_count FROM `user` WHERE `name` = 'blue' LIMIT 1   [ RunTime:0.0003s ]
NOTIC: [8] Undefined index: validate /var/www/cleanMine/ThinkPHP/Library/Think/Model.class.php 第 1185 行.
NOTIC: [8] Undefined index: auto /var/www/cleanMine/ThinkPHP/Library/Think/Model.class.php 第 1128 行.
SQL: INSERT INTO `user` (`name`,`pwd`,`time_to_live`,`register_time`) VALUES ('blue','e10adc3949ba59abbe56e057f20f883e','0','20151115') [ RunTime:0.0781s ]

[ 2015-11-15T00:06:29+08:00 ] ::1 /cleanMine/index.php/Home/Index/loginNameCheck
INFO: [ app_begin ] --START--
INFO: Run Behavior\ReadHtmlCacheBehavior [ RunTime:0.000018s ]
INFO: [ app_begin ] --END-- [ RunTime:0.000048s ]
SQL: SHOW COLUMNS FROM `user` [ RunTime:0.0006s ]
SQL: SELECT COUNT(*) AS tp_count FROM `user` WHERE `name` = 'blue' LIMIT 1   [ RunTime:0.0003s ]

[ 2015-11-15T00:06:34+08:00 ] ::1 /cleanMine/index.php/Home/Index/loginCheck
INFO: [ app_begin ] --START--
INFO: Run Behavior\ReadHtmlCacheBehavior [ RunTime:0.000085s ]
INFO: [ app_begin ] --END-- [ RunTime:0.000233s ]
SQL: SHOW COLUMNS FROM `user` [ RunTime:0.0013s ]
SQL: SELECT COUNT(*) AS tp_count FROM `user` WHERE `name` = 'blue' AND `pwd` = 'e10adc3949ba59abbe56e057f20f883e' LIMIT 1   [ RunTime:0.0005s ]

[ 2015-11-15T00:09:47+08:00 ] ::1 /cleanMine/index.php/Home/Index/loginCheck
INFO: [ app_begin ] --START--
INFO: Run Behavior\ReadHtmlCacheBehavior [ RunTime:0.000025s ]
INFO: [ app_begin ] --END-- [ RunTime:0.000067s ]
SQL: SHOW COLUMNS FROM `user` [ RunTime:0.0005s ]
SQL: SELECT COUNT(*) AS tp_count FROM `user` WHERE `name` = 'chanran' AND `pwd` = '6c8a808b40de1c9d4354698c48f6f9cd' LIMIT 1   [ RunTime:0.0002s ]

[ 2015-11-15T00:09:53+08:00 ] ::1 /cleanMine/index.php/Home/Index/loginCheck
INFO: [ app_begin ] --START--
INFO: Run Behavior\ReadHtmlCacheBehavior [ RunTime:0.000037s ]
INFO: [ app_begin ] --END-- [ RunTime:0.000098s ]
SQL: SHOW COLUMNS FROM `user` [ RunTime:0.0007s ]
SQL: SELECT COUNT(*) AS tp_count FROM `user` WHERE `name` = 'chanran' AND `pwd` = 'e10adc3949ba59abbe56e057f20f883e' LIMIT 1   [ RunTime:0.0004s ]

[ 2015-11-15T00:09:55+08:00 ] ::1 /cleanMine/index.php/Home/Index/loginCheck
INFO: [ app_begin ] --START--
INFO: Run Behavior\ReadHtmlCacheBehavior [ RunTime:0.000063s ]
INFO: [ app_begin ] --END-- [ RunTime:0.000167s ]
SQL: SHOW COLUMNS FROM `user` [ RunTime:0.0011s ]
SQL: SELECT COUNT(*) AS tp_count FROM `user` WHERE `name` = 'chanran' AND `pwd` = '6c8a808b40de1c9d4354698c48f6f9cd' LIMIT 1   [ RunTime:0.0002s ]

[ 2015-11-15T00:10:08+08:00 ] ::1 /cleanMine/index.php/Home/Index/loginCheck
INFO: [ app_begin ] --START--
INFO: Run Behavior\ReadHtmlCacheBehavior [ RunTime:0.000034s ]
INFO: [ app_begin ] --END-- [ RunTime:0.000096s ]
SQL: SHOW COLUMNS FROM `user` [ RunTime:0.0006s ]
SQL: SELECT COUNT(*) AS tp_count FROM `user` WHERE `name` = 'chanran' AND `pwd` = '6c8a808b40de1c9d4354698c48f6f9cd' LIMIT 1   [ RunTime:0.0001s ]

[ 2015-11-15T00:10:19+08:00 ] ::1 /cleanMine/index.php/Home/Index/loginCheck
INFO: [ app_begin ] --START--
INFO: Run Behavior\ReadHtmlCacheBehavior [ RunTime:0.000058s ]
INFO: [ app_begin ] --END-- [ RunTime:0.000155s ]
SQL: SHOW COLUMNS FROM `user` [ RunTime:0.0008s ]
SQL: SELECT COUNT(*) AS tp_count FROM `user` WHERE `name` = 'chanran' AND `pwd` = '6c8a808b40de1c9d4354698c48f6f9cd' LIMIT 1   [ RunTime:0.0002s ]

[ 2015-11-15T00:10:30+08:00 ] ::1 /cleanMine/index.php/Home/Index/loginCheck
INFO: [ app_begin ] --START--
INFO: Run Behavior\ReadHtmlCacheBehavior [ RunTime:0.000069s ]
INFO: [ app_begin ] --END-- [ RunTime:0.000186s ]
SQL: SHOW COLUMNS FROM `user` [ RunTime:0.0013s ]
SQL: SELECT COUNT(*) AS tp_count FROM `user` WHERE `name` = 'chanran' AND `pwd` = '6c8a808b40de1c9d4354698c48f6f9cd' LIMIT 1   [ RunTime:0.0003s ]

[ 2015-11-15T00:10:36+08:00 ] ::1 /cleanMine/index.php/Home/Index/loginNameCheck
INFO: [ app_begin ] --START--
INFO: Run Behavior\ReadHtmlCacheBehavior [ RunTime:0.000084s ]
INFO: [ app_begin ] --END-- [ RunTime:0.000233s ]
SQL: SHOW COLUMNS FROM `user` [ RunTime:0.0014s ]
SQL: SELECT COUNT(*) AS tp_count FROM `user` WHERE `name` = 'chanra' LIMIT 1   [ RunTime:0.0015s ]

[ 2015-11-15T00:10:40+08:00 ] ::1 /cleanMine/index.php/Home/Index/loginNameCheck
INFO: [ app_begin ] --START--
INFO: Run Behavior\ReadHtmlCacheBehavior [ RunTime:0.000025s ]
INFO: [ app_begin ] --END-- [ RunTime:0.000064s ]
SQL: SHOW COLUMNS FROM `user` [ RunTime:0.0005s ]
SQL: SELECT COUNT(*) AS tp_count FROM `user` WHERE `name` = '' LIMIT 1   [ RunTime:0.0003s ]

[ 2015-11-15T00:10:52+08:00 ] ::1 /cleanMine/index.php/Home/Index/loginCheck
INFO: [ app_begin ] --START--
INFO: Run Behavior\ReadHtmlCacheBehavior [ RunTime:0.000102s ]
INFO: [ app_begin ] --END-- [ RunTime:0.000278s ]
SQL: SHOW COLUMNS FROM `user` [ RunTime:0.0013s ]
SQL: SELECT COUNT(*) AS tp_count FROM `user` WHERE `name` = '' AND `pwd` = 'd41d8cd98f00b204e9800998ecf8427e' LIMIT 1   [ RunTime:0.0005s ]

[ 2015-11-15T00:10:54+08:00 ] ::1 /cleanMine/index.php/Home/Index/loginNameCheck
INFO: [ app_begin ] --START--
INFO: Run Behavior\ReadHtmlCacheBehavior [ RunTime:0.000019s ]
INFO: [ app_begin ] --END-- [ RunTime:0.000048s ]
SQL: SHOW COLUMNS FROM `user` [ RunTime:0.0004s ]
SQL: SELECT COUNT(*) AS tp_count FROM `user` WHERE `name` = '' LIMIT 1   [ RunTime:0.0001s ]

[ 2015-11-15T00:10:56+08:00 ] ::1 /cleanMine/index.php/Home/Index/loginCheck
INFO: [ app_begin ] --START--
INFO: Run Behavior\ReadHtmlCacheBehavior [ RunTime:0.000025s ]
INFO: [ app_begin ] --END-- [ RunTime:0.000073s ]
SQL: SHOW COLUMNS FROM `user` [ RunTime:0.0004s ]
SQL: SELECT COUNT(*) AS tp_count FROM `user` WHERE `name` = '' AND `pwd` = 'd41d8cd98f00b204e9800998ecf8427e' LIMIT 1   [ RunTime:0.0001s ]

[ 2015-11-15T00:10:58+08:00 ] ::1 /cleanMine/index.php/Home/Index/loginNameCheck
INFO: [ app_begin ] --START--
INFO: Run Behavior\ReadHtmlCacheBehavior [ RunTime:0.000089s ]
INFO: [ app_begin ] --END-- [ RunTime:0.000228s ]
SQL: SHOW COLUMNS FROM `user` [ RunTime:0.0012s ]
SQL: SELECT COUNT(*) AS tp_count FROM `user` WHERE `name` = '' LIMIT 1   [ RunTime:0.0002s ]

[ 2015-11-15T00:11:40+08:00 ] ::1 /cleanMine/index.php/Home/Index/loginNameCheck
INFO: [ app_begin ] --START--
INFO: Run Behavior\ReadHtmlCacheBehavior [ RunTime:0.000087s ]
INFO: [ app_begin ] --END-- [ RunTime:0.000224s ]
SQL: SHOW COLUMNS FROM `user` [ RunTime:0.0010s ]
SQL: SELECT COUNT(*) AS tp_count FROM `user` WHERE `name` = '' LIMIT 1   [ RunTime:0.0002s ]

[ 2015-11-15T00:11:42+08:00 ] ::1 /cleanMine/index.php/Home/Index/loginNameCheck
INFO: [ app_begin ] --START--
INFO: Run Behavior\ReadHtmlCacheBehavior [ RunTime:0.000062s ]
INFO: [ app_begin ] --END-- [ RunTime:0.000168s ]
SQL: SHOW COLUMNS FROM `user` [ RunTime:0.0012s ]
SQL: SELECT COUNT(*) AS tp_count FROM `user` WHERE `name` = '' LIMIT 1   [ RunTime:0.0002s ]

[ 2015-11-15T00:12:30+08:00 ] ::1 /cleanMine/index.php/Home/Index/loginCheck
INFO: [ app_begin ] --START--
INFO: Run Behavior\ReadHtmlCacheBehavior [ RunTime:0.000031s ]
INFO: [ app_begin ] --END-- [ RunTime:0.000079s ]
SQL: SHOW COLUMNS FROM `user` [ RunTime:0.0006s ]
SQL: SELECT COUNT(*) AS tp_count FROM `user` WHERE `name` = 'chanran' AND `pwd` = 'e10adc3949ba59abbe56e057f20f883e' LIMIT 1   [ RunTime:0.0001s ]

[ 2015-11-15T00:13:10+08:00 ] ::1 /cleanMine/index.php/Home/Index/loginCheck
INFO: [ app_begin ] --START--
INFO: Run Behavior\ReadHtmlCacheBehavior [ RunTime:0.000031s ]
INFO: [ app_begin ] --END-- [ RunTime:0.000081s ]
SQL: SHOW COLUMNS FROM `user` [ RunTime:0.0005s ]
SQL: SELECT COUNT(*) AS tp_count FROM `user` WHERE `name` = 'chanran' AND `pwd` = '6c8a808b40de1c9d4354698c48f6f9cd' LIMIT 1   [ RunTime:0.0001s ]

[ 2015-11-15T00:19:35+08:00 ] ::1 /cleanMine/index.php/Home/Index/loginNameCheck
INFO: [ app_begin ] --START--
INFO: Run Behavior\ReadHtmlCacheBehavior [ RunTime:0.000067s ]
INFO: [ app_begin ] --END-- [ RunTime:0.000187s ]
SQL: SHOW COLUMNS FROM `user` [ RunTime:0.0009s ]
SQL: SELECT COUNT(*) AS tp_count FROM `user` WHERE `name` = 'chanran' LIMIT 1   [ RunTime:0.0003s ]

[ 2015-11-15T00:19:38+08:00 ] ::1 /cleanMine/index.php/Home/Index/loginCheck
INFO: [ app_begin ] --START--
INFO: Run Behavior\ReadHtmlCacheBehavior [ RunTime:0.000020s ]
INFO: [ app_begin ] --END-- [ RunTime:0.000051s ]
SQL: SHOW COLUMNS FROM `user` [ RunTime:0.0004s ]
SQL: SELECT COUNT(*) AS tp_count FROM `user` WHERE `name` = 'chanran' AND `pwd` = 'e10adc3949ba59abbe56e057f20f883e' LIMIT 1   [ RunTime:0.0001s ]

[ 2015-11-15T00:19:49+08:00 ] ::1 /cleanMine/index.php/Home/Index/loginNameCheck
INFO: [ app_begin ] --START--
INFO: Run Behavior\ReadHtmlCacheBehavior [ RunTime:0.000028s ]
INFO: [ app_begin ] --END-- [ RunTime:0.000081s ]
SQL: SHOW COLUMNS FROM `user` [ RunTime:0.0005s ]
SQL: SELECT COUNT(*) AS tp_count FROM `user` WHERE `name` = 'chanran' LIMIT 1   [ RunTime:0.0001s ]

[ 2015-11-15T00:19:52+08:00 ] ::1 /cleanMine/index.php/Home/Index/loginCheck
INFO: [ app_begin ] --START--
INFO: Run Behavior\ReadHtmlCacheBehavior [ RunTime:0.000018s ]
INFO: [ app_begin ] --END-- [ RunTime:0.000048s ]
SQL: SHOW COLUMNS FROM `user` [ RunTime:0.0005s ]
SQL: SELECT COUNT(*) AS tp_count FROM `user` WHERE `name` = 'chanran' AND `pwd` = 'e10adc3949ba59abbe56e057f20f883e' LIMIT 1   [ RunTime:0.0001s ]

[ 2015-11-15T00:19:57+08:00 ] ::1 /cleanMine/index.php/Home/Index/loginNameCheck
INFO: [ app_begin ] --START--
INFO: Run Behavior\ReadHtmlCacheBehavior [ RunTime:0.000055s ]
INFO: [ app_begin ] --END-- [ RunTime:0.000140s ]
SQL: SHOW COLUMNS FROM `user` [ RunTime:0.0008s ]
SQL: SELECT COUNT(*) AS tp_count FROM `user` WHERE `name` = 'chanran' LIMIT 1   [ RunTime:0.0001s ]

[ 2015-11-15T00:20:01+08:00 ] ::1 /cleanMine/index.php/Home/Index/loginCheck
INFO: [ app_begin ] --START--
INFO: Run Behavior\ReadHtmlCacheBehavior [ RunTime:0.000019s ]
INFO: [ app_begin ] --END-- [ RunTime:0.000049s ]
SQL: SHOW COLUMNS FROM `user` [ RunTime:0.0007s ]
SQL: SELECT COUNT(*) AS tp_count FROM `user` WHERE `name` = 'chanran' AND `pwd` = '7eb65c380da626829c52039309d4907c' LIMIT 1   [ RunTime:0.0003s ]

[ 2015-11-15T00:21:35+08:00 ] ::1 /cleanMine/index.php/Home/Index/loginNameCheck
INFO: [ app_begin ] --START--
INFO: Run Behavior\ReadHtmlCacheBehavior [ RunTime:0.000031s ]
INFO: [ app_begin ] --END-- [ RunTime:0.000081s ]
SQL: SHOW COLUMNS FROM `user` [ RunTime:0.0006s ]
SQL: SELECT COUNT(*) AS tp_count FROM `user` WHERE `name` = 'chanran' LIMIT 1   [ RunTime:0.0001s ]

[ 2015-11-15T00:21:39+08:00 ] ::1 /cleanMine/index.php/Home/Index/loginCheck
INFO: [ app_begin ] --START--
INFO: Run Behavior\ReadHtmlCacheBehavior [ RunTime:0.000015s ]
INFO: [ app_begin ] --END-- [ RunTime:0.000043s ]
SQL: SHOW COLUMNS FROM `user` [ RunTime:0.0004s ]
SQL: SELECT COUNT(*) AS tp_count FROM `user` WHERE `name` = 'chanran' AND `pwd` = '6c8a808b40de1c9d4354698c48f6f9cd' LIMIT 1   [ RunTime:0.0001s ]

[ 2015-11-15T00:21:43+08:00 ] ::1 /cleanMine/index.php/Home/Index/loginCheck
INFO: [ app_begin ] --START--
INFO: Run Behavior\ReadHtmlCacheBehavior [ RunTime:0.000018s ]
INFO: [ app_begin ] --END-- [ RunTime:0.000047s ]
SQL: SHOW COLUMNS FROM `user` [ RunTime:0.0005s ]
SQL: SELECT COUNT(*) AS tp_count FROM `user` WHERE `name` = 'chanran' AND `pwd` = 'e10adc3949ba59abbe56e057f20f883e' LIMIT 1   [ RunTime:0.0002s ]

[ 2015-11-15T00:28:03+08:00 ] ::1 /cleanMine/index.php/Home/Index/loginCheck
INFO: [ app_begin ] --START--
INFO: Run Behavior\ReadHtmlCacheBehavior [ RunTime:0.000056s ]
INFO: [ app_begin ] --END-- [ RunTime:0.000146s ]
SQL: SHOW COLUMNS FROM `user` [ RunTime:0.0008s ]
SQL: SELECT COUNT(*) AS tp_count FROM `user` WHERE `name` = 'chanran' AND `pwd` = 'e10adc3949ba59abbe56e057f20f883e' LIMIT 1   [ RunTime:0.0001s ]
SQL: SELECT `id` FROM `user` WHERE `name` = 'chanran' LIMIT 1   [ RunTime:0.0002s ]

[ 2015-11-15T00:28:05+08:00 ] ::1 /cleanMine/index.php/Home/Index/loginCheck
INFO: [ app_begin ] --START--
INFO: Run Behavior\ReadHtmlCacheBehavior [ RunTime:0.000094s ]
INFO: [ app_begin ] --END-- [ RunTime:0.000250s ]
SQL: SHOW COLUMNS FROM `user` [ RunTime:0.0010s ]
SQL: SELECT COUNT(*) AS tp_count FROM `user` WHERE `name` = 'chanran' AND `pwd` = 'e10adc3949ba59abbe56e057f20f883e' LIMIT 1   [ RunTime:0.0001s ]
SQL: SELECT `id` FROM `user` WHERE `name` = 'chanran' LIMIT 1   [ RunTime:0.0001s ]

[ 2015-11-15T00:35:36+08:00 ] ::1 /cleanMine/index.php/Home/Index/loginNameCheck
INFO: [ app_begin ] --START--
INFO: Run Behavior\ReadHtmlCacheBehavior [ RunTime:0.000040s ]
INFO: [ app_begin ] --END-- [ RunTime:0.000110s ]
SQL: SHOW COLUMNS FROM `user` [ RunTime:0.0006s ]
SQL: SELECT COUNT(*) AS tp_count FROM `user` WHERE `name` = 'chanran' LIMIT 1   [ RunTime:0.0001s ]

[ 2015-11-15T00:35:39+08:00 ] ::1 /cleanMine/index.php/Home/Index/loginCheck
INFO: [ app_begin ] --START--
INFO: Run Behavior\ReadHtmlCacheBehavior [ RunTime:0.000026s ]
INFO: [ app_begin ] --END-- [ RunTime:0.000070s ]
SQL: SHOW COLUMNS FROM `user` [ RunTime:0.0006s ]
SQL: SELECT COUNT(*) AS tp_count FROM `user` WHERE `name` = 'chanran' AND `pwd` = 'e10adc3949ba59abbe56e057f20f883e' LIMIT 1   [ RunTime:0.0001s ]
SQL: SELECT `id` FROM `user` WHERE `name` = 'chanran' LIMIT 1   [ RunTime:0.0001s ]

[ 2015-11-15T00:38:35+08:00 ] ::1 /cleanMine/index.php/Home/Index/loginNameCheck
INFO: [ app_begin ] --START--
INFO: Run Behavior\ReadHtmlCacheBehavior [ RunTime:0.000079s ]
INFO: [ app_begin ] --END-- [ RunTime:0.000208s ]
SQL: SHOW COLUMNS FROM `user` [ RunTime:0.0008s ]
SQL: SELECT COUNT(*) AS tp_count FROM `user` WHERE `name` = 'chanran' LIMIT 1   [ RunTime:0.0007s ]

[ 2015-11-15T00:38:41+08:00 ] ::1 /cleanMine/index.php/Home/Index/loginCheck
INFO: [ app_begin ] --START--
INFO: Run Behavior\ReadHtmlCacheBehavior [ RunTime:0.000018s ]
INFO: [ app_begin ] --END-- [ RunTime:0.000048s ]
SQL: SHOW COLUMNS FROM `user` [ RunTime:0.0004s ]
SQL: SELECT COUNT(*) AS tp_count FROM `user` WHERE `name` = 'chanran' AND `pwd` = 'e10adc3949ba59abbe56e057f20f883e' LIMIT 1   [ RunTime:0.0001s ]
SQL: SELECT `id` FROM `user` WHERE `name` = 'chanran' LIMIT 1   [ RunTime:0.0000s ]

[ 2015-11-15T00:38:43+08:00 ] ::1 /cleanMine/index.php/Home/Index/loginCheck
INFO: [ app_begin ] --START--
INFO: Run Behavior\ReadHtmlCacheBehavior [ RunTime:0.000035s ]
INFO: [ app_begin ] --END-- [ RunTime:0.000093s ]
SQL: SHOW COLUMNS FROM `user` [ RunTime:0.0008s ]
SQL: SELECT COUNT(*) AS tp_count FROM `user` WHERE `name` = 'chanran' AND `pwd` = 'e10adc3949ba59abbe56e057f20f883e' LIMIT 1   [ RunTime:0.0001s ]
SQL: SELECT `id` FROM `user` WHERE `name` = 'chanran' LIMIT 1   [ RunTime:0.0001s ]

[ 2015-11-15T00:38:45+08:00 ] ::1 /cleanMine/index.php/Home/Index/loginCheck
INFO: [ app_begin ] --START--
INFO: Run Behavior\ReadHtmlCacheBehavior [ RunTime:0.000091s ]
INFO: [ app_begin ] --END-- [ RunTime:0.000235s ]
SQL: SHOW COLUMNS FROM `user` [ RunTime:0.0012s ]
SQL: SELECT COUNT(*) AS tp_count FROM `user` WHERE `name` = 'chanran' AND `pwd` = 'e10adc3949ba59abbe56e057f20f883e' LIMIT 1   [ RunTime:0.0004s ]
SQL: SELECT `id` FROM `user` WHERE `name` = 'chanran' LIMIT 1   [ RunTime:0.0002s ]

[ 2015-11-15T00:38:46+08:00 ] ::1 /cleanMine/index.php/Home/Index/loginCheck
INFO: [ app_begin ] --START--
INFO: Run Behavior\ReadHtmlCacheBehavior [ RunTime:0.000016s ]
INFO: [ app_begin ] --END-- [ RunTime:0.000039s ]
SQL: SHOW COLUMNS FROM `user` [ RunTime:0.0004s ]
SQL: SELECT COUNT(*) AS tp_count FROM `user` WHERE `name` = 'chanran' AND `pwd` = 'e10adc3949ba59abbe56e057f20f883e' LIMIT 1   [ RunTime:0.0001s ]
SQL: SELECT `id` FROM `user` WHERE `name` = 'chanran' LIMIT 1   [ RunTime:0.0001s ]

[ 2015-11-15T00:39:12+08:00 ] ::1 /cleanMine/index.php/Home/Index/loginNameCheck
INFO: [ app_begin ] --START--
INFO: Run Behavior\ReadHtmlCacheBehavior [ RunTime:0.000029s ]
INFO: [ app_begin ] --END-- [ RunTime:0.000079s ]
SQL: SHOW COLUMNS FROM `user` [ RunTime:0.0005s ]
SQL: SELECT COUNT(*) AS tp_count FROM `user` WHERE `name` = 'chanran' LIMIT 1   [ RunTime:0.0001s ]

[ 2015-11-15T00:39:20+08:00 ] ::1 /cleanMine/index.php/Home/Index/loginCheck
INFO: [ app_begin ] --START--
INFO: Run Behavior\ReadHtmlCacheBehavior [ RunTime:0.000021s ]
INFO: [ app_begin ] --END-- [ RunTime:0.000051s ]
SQL: SHOW COLUMNS FROM `user` [ RunTime:0.0006s ]
SQL: SELECT COUNT(*) AS tp_count FROM `user` WHERE `name` = 'chanran' AND `pwd` = 'e10adc3949ba59abbe56e057f20f883e' LIMIT 1   [ RunTime:0.0002s ]
SQL: SELECT `id` FROM `user` WHERE `name` = 'chanran' LIMIT 1   [ RunTime:0.0001s ]

[ 2015-11-15T00:39:41+08:00 ] ::1 /cleanMine/index.php/Home/Index/loginNameCheck
INFO: [ app_begin ] --START--
INFO: Run Behavior\ReadHtmlCacheBehavior [ RunTime:0.000028s ]
INFO: [ app_begin ] --END-- [ RunTime:0.000074s ]
SQL: SHOW COLUMNS FROM `user` [ RunTime:0.0007s ]
SQL: SELECT COUNT(*) AS tp_count FROM `user` WHERE `name` = 'chanran' LIMIT 1   [ RunTime:0.0001s ]

[ 2015-11-15T00:39:45+08:00 ] ::1 /cleanMine/index.php/Home/Index/loginCheck
INFO: [ app_begin ] --START--
INFO: Run Behavior\ReadHtmlCacheBehavior [ RunTime:0.000021s ]
INFO: [ app_begin ] --END-- [ RunTime:0.000062s ]
SQL: SHOW COLUMNS FROM `user` [ RunTime:0.0004s ]
SQL: SELECT COUNT(*) AS tp_count FROM `user` WHERE `name` = 'chanran' AND `pwd` = 'e10adc3949ba59abbe56e057f20f883e' LIMIT 1   [ RunTime:0.0001s ]
SQL: SELECT `id` FROM `user` WHERE `name` = 'chanran' LIMIT 1   [ RunTime:0.0000s ]

[ 2015-11-15T00:39:48+08:00 ] ::1 /cleanMine/index.php/Home/Index/loginCheck
INFO: [ app_begin ] --START--
INFO: Run Behavior\ReadHtmlCacheBehavior [ RunTime:0.000019s ]
INFO: [ app_begin ] --END-- [ RunTime:0.000049s ]
SQL: SHOW COLUMNS FROM `user` [ RunTime:0.0006s ]
SQL: SELECT COUNT(*) AS tp_count FROM `user` WHERE `name` = 'chanran' AND `pwd` = 'e10adc3949ba59abbe56e057f20f883e' LIMIT 1   [ RunTime:0.0001s ]
SQL: SELECT `id` FROM `user` WHERE `name` = 'chanran' LIMIT 1   [ RunTime:0.0001s ]

[ 2015-11-15T00:42:25+08:00 ] ::1 /cleanMine/index.php/Home/Index/loginNameCheck
INFO: [ app_begin ] --START--
INFO: Run Behavior\ReadHtmlCacheBehavior [ RunTime:0.000064s ]
INFO: [ app_begin ] --END-- [ RunTime:0.000174s ]
SQL: SHOW COLUMNS FROM `user` [ RunTime:0.0011s ]
SQL: SELECT COUNT(*) AS tp_count FROM `user` WHERE `name` = 'chanran' LIMIT 1   [ RunTime:0.0002s ]

[ 2015-11-15T00:42:28+08:00 ] ::1 /cleanMine/index.php/Home/Index/loginCheck
INFO: [ app_begin ] --START--
INFO: Run Behavior\ReadHtmlCacheBehavior [ RunTime:0.000027s ]
INFO: [ app_begin ] --END-- [ RunTime:0.000070s ]
SQL: SHOW COLUMNS FROM `user` [ RunTime:0.0004s ]
SQL: SELECT COUNT(*) AS tp_count FROM `user` WHERE `name` = 'chanran' AND `pwd` = 'e10adc3949ba59abbe56e057f20f883e' LIMIT 1   [ RunTime:0.0001s ]
SQL: SELECT `id` FROM `user` WHERE `name` = 'chanran' LIMIT 1   [ RunTime:0.0000s ]

[ 2015-11-15T00:43:05+08:00 ] ::1 /cleanMine/index.php/Home/Index/loginNameCheck
INFO: [ app_begin ] --START--
INFO: Run Behavior\ReadHtmlCacheBehavior [ RunTime:0.000033s ]
INFO: [ app_begin ] --END-- [ RunTime:0.000090s ]
SQL: SHOW COLUMNS FROM `user` [ RunTime:0.0010s ]
SQL: SELECT COUNT(*) AS tp_count FROM `user` WHERE `name` = 'chanran' LIMIT 1   [ RunTime:0.0001s ]

[ 2015-11-15T00:43:08+08:00 ] ::1 /cleanMine/index.php/Home/Index/loginCheck
INFO: [ app_begin ] --START--
INFO: Run Behavior\ReadHtmlCacheBehavior [ RunTime:0.000017s ]
INFO: [ app_begin ] --END-- [ RunTime:0.000047s ]
SQL: SHOW COLUMNS FROM `user` [ RunTime:0.0004s ]
SQL: SELECT COUNT(*) AS tp_count FROM `user` WHERE `name` = 'chanran' AND `pwd` = 'e10adc3949ba59abbe56e057f20f883e' LIMIT 1   [ RunTime:0.0001s ]
SQL: SELECT `id` FROM `user` WHERE `name` = 'chanran' LIMIT 1   [ RunTime:0.0001s ]

[ 2015-11-15T00:43:09+08:00 ] ::1 /cleanMine/index.php/Home/Index/loginCheck
INFO: [ app_begin ] --START--
INFO: Run Behavior\ReadHtmlCacheBehavior [ RunTime:0.000086s ]
INFO: [ app_begin ] --END-- [ RunTime:0.000235s ]
SQL: SHOW COLUMNS FROM `user` [ RunTime:0.0006s ]
SQL: SELECT COUNT(*) AS tp_count FROM `user` WHERE `name` = 'chanran' AND `pwd` = 'e10adc3949ba59abbe56e057f20f883e' LIMIT 1   [ RunTime:0.0001s ]
SQL: SELECT `id` FROM `user` WHERE `name` = 'chanran' LIMIT 1   [ RunTime:0.0001s ]

[ 2015-11-15T00:43:10+08:00 ] ::1 /cleanMine/index.php/Home/Index/loginCheck
INFO: [ app_begin ] --START--
INFO: Run Behavior\ReadHtmlCacheBehavior [ RunTime:0.000039s ]
INFO: [ app_begin ] --END-- [ RunTime:0.000092s ]
SQL: SHOW COLUMNS FROM `user` [ RunTime:0.0010s ]
SQL: SELECT COUNT(*) AS tp_count FROM `user` WHERE `name` = 'chanran' AND `pwd` = 'e10adc3949ba59abbe56e057f20f883e' LIMIT 1   [ RunTime:0.0002s ]
SQL: SELECT `id` FROM `user` WHERE `name` = 'chanran' LIMIT 1   [ RunTime:0.0001s ]

[ 2015-11-15T00:43:10+08:00 ] ::1 /cleanMine/index.php/Home/Index/loginCheck
INFO: [ app_begin ] --START--
INFO: Run Behavior\ReadHtmlCacheBehavior [ RunTime:0.000054s ]
INFO: [ app_begin ] --END-- [ RunTime:0.000142s ]
SQL: SHOW COLUMNS FROM `user` [ RunTime:0.0012s ]
SQL: SELECT COUNT(*) AS tp_count FROM `user` WHERE `name` = 'chanran' AND `pwd` = 'e10adc3949ba59abbe56e057f20f883e' LIMIT 1   [ RunTime:0.0002s ]
SQL: SELECT `id` FROM `user` WHERE `name` = 'chanran' LIMIT 1   [ RunTime:0.0002s ]

[ 2015-11-15T00:43:17+08:00 ] ::1 /cleanMine/index.php/Home/Index/loginCheck
INFO: [ app_begin ] --START--
INFO: Run Behavior\ReadHtmlCacheBehavior [ RunTime:0.000019s ]
INFO: [ app_begin ] --END-- [ RunTime:0.000047s ]
SQL: SHOW COLUMNS FROM `user` [ RunTime:0.0005s ]
SQL: SELECT COUNT(*) AS tp_count FROM `user` WHERE `name` = 'chanran' AND `pwd` = 'e10adc3949ba59abbe56e057f20f883e' LIMIT 1   [ RunTime:0.0001s ]
SQL: SELECT `id` FROM `user` WHERE `name` = 'chanran' LIMIT 1   [ RunTime:0.0001s ]

[ 2015-11-15T00:43:17+08:00 ] ::1 /cleanMine/index.php/Home/Index/loginCheck
INFO: [ app_begin ] --START--
INFO: Run Behavior\ReadHtmlCacheBehavior [ RunTime:0.000020s ]
INFO: [ app_begin ] --END-- [ RunTime:0.000055s ]
SQL: SHOW COLUMNS FROM `user` [ RunTime:0.0004s ]
SQL: SELECT COUNT(*) AS tp_count FROM `user` WHERE `name` = 'chanran' AND `pwd` = 'e10adc3949ba59abbe56e057f20f883e' LIMIT 1   [ RunTime:0.0001s ]
SQL: SELECT `id` FROM `user` WHERE `name` = 'chanran' LIMIT 1   [ RunTime:0.0000s ]

[ 2015-11-15T00:43:17+08:00 ] ::1 /cleanMine/index.php/Home/Index/loginCheck
INFO: [ app_begin ] --START--
INFO: Run Behavior\ReadHtmlCacheBehavior [ RunTime:0.000028s ]
INFO: [ app_begin ] --END-- [ RunTime:0.000075s ]
SQL: SHOW COLUMNS FROM `user` [ RunTime:0.0005s ]
SQL: SELECT COUNT(*) AS tp_count FROM `user` WHERE `name` = 'chanran' AND `pwd` = 'e10adc3949ba59abbe56e057f20f883e' LIMIT 1   [ RunTime:0.0002s ]
SQL: SELECT `id` FROM `user` WHERE `name` = 'chanran' LIMIT 1   [ RunTime:0.0001s ]

[ 2015-11-15T00:43:17+08:00 ] ::1 /cleanMine/index.php/Home/Index/loginCheck
INFO: [ app_begin ] --START--
INFO: Run Behavior\ReadHtmlCacheBehavior [ RunTime:0.000017s ]
INFO: [ app_begin ] --END-- [ RunTime:0.000048s ]
SQL: SHOW COLUMNS FROM `user` [ RunTime:0.0004s ]
SQL: SELECT COUNT(*) AS tp_count FROM `user` WHERE `name` = 'chanran' AND `pwd` = 'e10adc3949ba59abbe56e057f20f883e' LIMIT 1   [ RunTime:0.0001s ]
SQL: SELECT `id` FROM `user` WHERE `name` = 'chanran' LIMIT 1   [ RunTime:0.0001s ]

[ 2015-11-15T00:43:17+08:00 ] ::1 /cleanMine/index.php/Home/Index/loginCheck
INFO: [ app_begin ] --START--
INFO: Run Behavior\ReadHtmlCacheBehavior [ RunTime:0.000032s ]
INFO: [ app_begin ] --END-- [ RunTime:0.000084s ]
SQL: SHOW COLUMNS FROM `user` [ RunTime:0.0006s ]
SQL: SELECT COUNT(*) AS tp_count FROM `user` WHERE `name` = 'chanran' AND `pwd` = 'e10adc3949ba59abbe56e057f20f883e' LIMIT 1   [ RunTime:0.0001s ]
SQL: SELECT `id` FROM `user` WHERE `name` = 'chanran' LIMIT 1   [ RunTime:0.0000s ]

[ 2015-11-15T00:43:18+08:00 ] ::1 /cleanMine/index.php/Home/Index/loginCheck
INFO: [ app_begin ] --START--
INFO: Run Behavior\ReadHtmlCacheBehavior [ RunTime:0.000034s ]
INFO: [ app_begin ] --END-- [ RunTime:0.000090s ]
SQL: SHOW COLUMNS FROM `user` [ RunTime:0.0009s ]
SQL: SELECT COUNT(*) AS tp_count FROM `user` WHERE `name` = 'chanran' AND `pwd` = 'e10adc3949ba59abbe56e057f20f883e' LIMIT 1   [ RunTime:0.0001s ]
SQL: SELECT `id` FROM `user` WHERE `name` = 'chanran' LIMIT 1   [ RunTime:0.0001s ]

[ 2015-11-15T00:43:18+08:00 ] ::1 /cleanMine/index.php/Home/Index/loginCheck
INFO: [ app_begin ] --START--
INFO: Run Behavior\ReadHtmlCacheBehavior [ RunTime:0.000025s ]
INFO: [ app_begin ] --END-- [ RunTime:0.000069s ]
SQL: SHOW COLUMNS FROM `user` [ RunTime:0.0005s ]
SQL: SELECT COUNT(*) AS tp_count FROM `user` WHERE `name` = 'chanran' AND `pwd` = 'e10adc3949ba59abbe56e057f20f883e' LIMIT 1   [ RunTime:0.0001s ]
SQL: SELECT `id` FROM `user` WHERE `name` = 'chanran' LIMIT 1   [ RunTime:0.0001s ]

[ 2015-11-15T00:43:18+08:00 ] ::1 /cleanMine/index.php/Home/Index/loginCheck
INFO: [ app_begin ] --START--
INFO: Run Behavior\ReadHtmlCacheBehavior [ RunTime:0.000061s ]
INFO: [ app_begin ] --END-- [ RunTime:0.000164s ]
SQL: SHOW COLUMNS FROM `user` [ RunTime:0.0010s ]
SQL: SELECT COUNT(*) AS tp_count FROM `user` WHERE `name` = 'chanran' AND `pwd` = 'e10adc3949ba59abbe56e057f20f883e' LIMIT 1   [ RunTime:0.0002s ]
SQL: SELECT `id` FROM `user` WHERE `name` = 'chanran' LIMIT 1   [ RunTime:0.0001s ]

[ 2015-11-15T00:43:18+08:00 ] ::1 /cleanMine/index.php/Home/Index/loginCheck
INFO: [ app_begin ] --START--
INFO: Run Behavior\ReadHtmlCacheBehavior [ RunTime:0.000069s ]
INFO: [ app_begin ] --END-- [ RunTime:0.000190s ]
SQL: SHOW COLUMNS FROM `user` [ RunTime:0.0010s ]
SQL: SELECT COUNT(*) AS tp_count FROM `user` WHERE `name` = 'chanran' AND `pwd` = 'e10adc3949ba59abbe56e057f20f883e' LIMIT 1   [ RunTime:0.0002s ]
SQL: SELECT `id` FROM `user` WHERE `name` = 'chanran' LIMIT 1   [ RunTime:0.0001s ]

[ 2015-11-15T00:43:18+08:00 ] ::1 /cleanMine/index.php/Home/Index/loginCheck
INFO: [ app_begin ] --START--
INFO: Run Behavior\ReadHtmlCacheBehavior [ RunTime:0.000043s ]
INFO: [ app_begin ] --END-- [ RunTime:0.000123s ]
SQL: SHOW COLUMNS FROM `user` [ RunTime:0.0012s ]
SQL: SELECT COUNT(*) AS tp_count FROM `user` WHERE `name` = 'chanran' AND `pwd` = 'e10adc3949ba59abbe56e057f20f883e' LIMIT 1   [ RunTime:0.0002s ]
SQL: SELECT `id` FROM `user` WHERE `name` = 'chanran' LIMIT 1   [ RunTime:0.0003s ]

[ 2015-11-15T00:43:19+08:00 ] ::1 /cleanMine/index.php/Home/Index/loginCheck
INFO: [ app_begin ] --START--
INFO: Run Behavior\ReadHtmlCacheBehavior [ RunTime:0.000059s ]
INFO: [ app_begin ] --END-- [ RunTime:0.000166s ]
SQL: SHOW COLUMNS FROM `user` [ RunTime:0.0011s ]
SQL: SELECT COUNT(*) AS tp_count FROM `user` WHERE `name` = 'chanran' AND `pwd` = 'e10adc3949ba59abbe56e057f20f883e' LIMIT 1   [ RunTime:0.0002s ]
SQL: SELECT `id` FROM `user` WHERE `name` = 'chanran' LIMIT 1   [ RunTime:0.0002s ]

[ 2015-11-15T00:43:27+08:00 ] ::1 /cleanMine/index.php/Home/Index/loginNameCheck
INFO: [ app_begin ] --START--
INFO: Run Behavior\ReadHtmlCacheBehavior [ RunTime:0.000032s ]
INFO: [ app_begin ] --END-- [ RunTime:0.000090s ]
SQL: SHOW COLUMNS FROM `user` [ RunTime:0.0006s ]
SQL: SELECT COUNT(*) AS tp_count FROM `user` WHERE `name` = 'chanran' LIMIT 1   [ RunTime:0.0001s ]

[ 2015-11-15T00:43:31+08:00 ] ::1 /cleanMine/index.php/Home/Index/loginCheck
INFO: [ app_begin ] --START--
INFO: Run Behavior\ReadHtmlCacheBehavior [ RunTime:0.000033s ]
INFO: [ app_begin ] --END-- [ RunTime:0.000098s ]
SQL: SHOW COLUMNS FROM `user` [ RunTime:0.0006s ]
SQL: SELECT COUNT(*) AS tp_count FROM `user` WHERE `name` = 'chanran' AND `pwd` = 'e10adc3949ba59abbe56e057f20f883e' LIMIT 1   [ RunTime:0.0002s ]
SQL: SELECT `id` FROM `user` WHERE `name` = 'chanran' LIMIT 1   [ RunTime:0.0001s ]

[ 2015-11-15T00:53:52+08:00 ] ::1 /cleanMine/index.php/Home/Index/loginNameCheck
INFO: [ app_begin ] --START--
INFO: Run Behavior\ReadHtmlCacheBehavior [ RunTime:0.000036s ]
INFO: [ app_begin ] --END-- [ RunTime:0.000097s ]
SQL: SHOW COLUMNS FROM `user` [ RunTime:0.0007s ]
SQL: SELECT COUNT(*) AS tp_count FROM `user` WHERE `name` = 'chanran' LIMIT 1   [ RunTime:0.0001s ]

[ 2015-11-15T00:53:57+08:00 ] ::1 /cleanMine/index.php/Home/Index/loginCheck
INFO: [ app_begin ] --START--
INFO: Run Behavior\ReadHtmlCacheBehavior [ RunTime:0.000021s ]
INFO: [ app_begin ] --END-- [ RunTime:0.000067s ]
SQL: SHOW COLUMNS FROM `user` [ RunTime:0.0004s ]
SQL: SELECT COUNT(*) AS tp_count FROM `user` WHERE `name` = 'chanran' AND `pwd` = 'e10adc3949ba59abbe56e057f20f883e' LIMIT 1   [ RunTime:0.0001s ]
SQL: SELECT `id` FROM `user` WHERE `name` = 'chanran' LIMIT 1   [ RunTime:0.0000s ]

[ 2015-11-15T09:31:17+08:00 ] ::1 /cleanMine/index.php/Home/Index/loginNameCheck
INFO: [ app_begin ] --START--
INFO: Run Behavior\ReadHtmlCacheBehavior [ RunTime:0.000025s ]
INFO: [ app_begin ] --END-- [ RunTime:0.000066s ]
SQL: SHOW COLUMNS FROM `user` [ RunTime:0.0005s ]
SQL: SELECT COUNT(*) AS tp_count FROM `user` WHERE `name` = 'blue' LIMIT 1   [ RunTime:0.0002s ]

[ 2015-11-15T09:31:21+08:00 ] ::1 /cleanMine/index.php/Home/Index/loginCheck
INFO: [ app_begin ] --START--
INFO: Run Behavior\ReadHtmlCacheBehavior [ RunTime:0.000020s ]
INFO: [ app_begin ] --END-- [ RunTime:0.000055s ]
SQL: SHOW COLUMNS FROM `user` [ RunTime:0.0005s ]
SQL: SELECT COUNT(*) AS tp_count FROM `user` WHERE `name` = 'blue' AND `pwd` = 'e10adc3949ba59abbe56e057f20f883e' LIMIT 1   [ RunTime:0.0002s ]
SQL: SELECT `id` FROM `user` WHERE `name` = 'blue' LIMIT 1   [ RunTime:0.0001s ]

[ 2015-11-15T09:44:57+08:00 ] ::1 /cleanMine/index.php/Home/Index/registerNameCheck
INFO: [ app_begin ] --START--
INFO: Run Behavior\ReadHtmlCacheBehavior [ RunTime:0.000024s ]
INFO: [ app_begin ] --END-- [ RunTime:0.000063s ]
SQL: SHOW COLUMNS FROM `user` [ RunTime:0.0007s ]
SQL: SELECT COUNT(*) AS tp_count FROM `user` WHERE `name` = 'blue' LIMIT 1   [ RunTime:0.0004s ]

[ 2015-11-15T09:45:02+08:00 ] ::1 /cleanMine/index.php/Home/Index/registerNameCheck
INFO: [ app_begin ] --START--
INFO: Run Behavior\ReadHtmlCacheBehavior [ RunTime:0.000037s ]
INFO: [ app_begin ] --END-- [ RunTime:0.000104s ]
SQL: SHOW COLUMNS FROM `user` [ RunTime:0.0004s ]
SQL: SELECT COUNT(*) AS tp_count FROM `user` WHERE `name` = '1' LIMIT 1   [ RunTime:0.0002s ]

[ 2015-11-15T09:45:10+08:00 ] ::1 /cleanMine/index.php/Home/Index/registerCheck
INFO: [ app_begin ] --START--
INFO: Run Behavior\ReadHtmlCacheBehavior [ RunTime:0.000026s ]
INFO: [ app_begin ] --END-- [ RunTime:0.000071s ]
SQL: SHOW COLUMNS FROM `user` [ RunTime:0.0005s ]
SQL: SELECT COUNT(*) AS tp_count FROM `user` WHERE `name` = '1' LIMIT 1   [ RunTime:0.0001s ]
NOTIC: [8] Undefined index: validate /var/www/cleanMine/ThinkPHP/Library/Think/Model.class.php 第 1185 行.
NOTIC: [8] Undefined index: auto /var/www/cleanMine/ThinkPHP/Library/Think/Model.class.php 第 1128 行.
SQL: INSERT INTO `user` (`name`,`pwd`,`cost_time`,`mine_num`,`register_time`) VALUES ('1','e10adc3949ba59abbe56e057f20f883e','0','0','20151115 09:45:09') [ RunTime:0.0584s ]
SQL: SELECT `id` FROM `user` WHERE `name` = '1' LIMIT 1   [ RunTime:0.0002s ]

[ 2015-11-15T10:03:47+08:00 ] ::1 /cleanMine/index.php/Home/Index/registerNameCheck
INFO: [ app_begin ] --START--
INFO: Run Behavior\ReadHtmlCacheBehavior [ RunTime:0.000079s ]
INFO: [ app_begin ] --END-- [ RunTime:0.000221s ]
SQL: SHOW COLUMNS FROM `user` [ RunTime:0.0013s ]
SQL: SELECT COUNT(*) AS tp_count FROM `user` WHERE `name` = '2' LIMIT 1   [ RunTime:0.0004s ]

[ 2015-11-15T10:03:52+08:00 ] ::1 /cleanMine/index.php/Home/Index/registerCheck
INFO: [ app_begin ] --START--
INFO: Run Behavior\ReadHtmlCacheBehavior [ RunTime:0.000047s ]
INFO: [ app_begin ] --END-- [ RunTime:0.000125s ]
SQL: SHOW COLUMNS FROM `user` [ RunTime:0.0006s ]
SQL: SELECT COUNT(*) AS tp_count FROM `user` WHERE `name` = '2' LIMIT 1   [ RunTime:0.0001s ]
NOTIC: [8] Undefined index: validate /var/www/cleanMine/ThinkPHP/Library/Think/Model.class.php 第 1185 行.
NOTIC: [8] Undefined index: auto /var/www/cleanMine/ThinkPHP/Library/Think/Model.class.php 第 1128 行.
SQL: INSERT INTO `user` (`name`,`pwd`,`cost_time`,`mine_num`,`register_time`) VALUES ('2','e10adc3949ba59abbe56e057f20f883e','0','0','20151115100352') [ RunTime:0.0890s ]
SQL: SELECT `id` FROM `user` WHERE `name` = '2' LIMIT 1   [ RunTime:0.0002s ]

[ 2015-11-15T10:04:45+08:00 ] ::1 /cleanMine/index.php/Home/Index/loginCheck
INFO: [ app_begin ] --START--
INFO: Run Behavior\ReadHtmlCacheBehavior [ RunTime:0.000051s ]
INFO: [ app_begin ] --END-- [ RunTime:0.000138s ]
SQL: SHOW COLUMNS FROM `user` [ RunTime:0.0007s ]
SQL: SELECT COUNT(*) AS tp_count FROM `user` WHERE `name` = '' AND `pwd` = 'd41d8cd98f00b204e9800998ecf8427e' LIMIT 1   [ RunTime:0.0003s ]

[ 2015-11-15T10:04:53+08:00 ] ::1 /cleanMine/index.php/Home/Index/loginCheck
INFO: [ app_begin ] --START--
INFO: Run Behavior\ReadHtmlCacheBehavior [ RunTime:0.000102s ]
INFO: [ app_begin ] --END-- [ RunTime:0.000271s ]
SQL: SHOW COLUMNS FROM `user` [ RunTime:0.0017s ]
SQL: SELECT COUNT(*) AS tp_count FROM `user` WHERE `name` = '' AND `pwd` = 'd41d8cd98f00b204e9800998ecf8427e' LIMIT 1   [ RunTime:0.0002s ]

[ 2015-11-15T10:05:03+08:00 ] ::1 /cleanMine/index.php/Home/Index/loginNameCheck
INFO: [ app_begin ] --START--
INFO: Run Behavior\ReadHtmlCacheBehavior [ RunTime:0.000041s ]
INFO: [ app_begin ] --END-- [ RunTime:0.000112s ]
SQL: SHOW COLUMNS FROM `user` [ RunTime:0.0008s ]
SQL: SELECT COUNT(*) AS tp_count FROM `user` WHERE `name` = 'blue' LIMIT 1   [ RunTime:0.0003s ]

[ 2015-11-15T10:05:09+08:00 ] ::1 /cleanMine/index.php/Home/Index/loginNameCheck
INFO: [ app_begin ] --START--
INFO: Run Behavior\ReadHtmlCacheBehavior [ RunTime:0.000086s ]
INFO: [ app_begin ] --END-- [ RunTime:0.000229s ]
SQL: SHOW COLUMNS FROM `user` [ RunTime:0.0014s ]
SQL: SELECT COUNT(*) AS tp_count FROM `user` WHERE `name` = '1' LIMIT 1   [ RunTime:0.0005s ]

[ 2015-11-15T10:05:13+08:00 ] ::1 /cleanMine/index.php/Home/Index/loginNameCheck
INFO: [ app_begin ] --START--
INFO: Run Behavior\ReadHtmlCacheBehavior [ RunTime:0.000044s ]
INFO: [ app_begin ] --END-- [ RunTime:0.000132s ]
SQL: SHOW COLUMNS FROM `user` [ RunTime:0.0009s ]
SQL: SELECT COUNT(*) AS tp_count FROM `user` WHERE `name` = 'blue' LIMIT 1   [ RunTime:0.0001s ]

[ 2015-11-15T10:05:19+08:00 ] ::1 /cleanMine/index.php/Home/Index/loginCheck
INFO: [ app_begin ] --START--
INFO: Run Behavior\ReadHtmlCacheBehavior [ RunTime:0.000149s ]
INFO: [ app_begin ] --END-- [ RunTime:0.000313s ]
SQL: SHOW COLUMNS FROM `user` [ RunTime:0.0006s ]
SQL: SELECT COUNT(*) AS tp_count FROM `user` WHERE `name` = 'blue' AND `pwd` = 'e10adc3949ba59abbe56e057f20f883e' LIMIT 1   [ RunTime:0.0003s ]
SQL: SELECT `id` FROM `user` WHERE `name` = 'blue' LIMIT 1   [ RunTime:0.0005s ]

[ 2015-11-15T10:06:16+08:00 ] ::1 /cleanMine/index.php/Home/Index/loginCheck
INFO: [ app_begin ] --START--
INFO: Run Behavior\ReadHtmlCacheBehavior [ RunTime:0.000031s ]
INFO: [ app_begin ] --END-- [ RunTime:0.000083s ]
SQL: SHOW COLUMNS FROM `user` [ RunTime:0.0008s ]
SQL: SELECT COUNT(*) AS tp_count FROM `user` WHERE `name` = 'blue' AND `pwd` = 'e10adc3949ba59abbe56e057f20f883e' LIMIT 1   [ RunTime:0.0001s ]
SQL: SELECT `id` FROM `user` WHERE `name` = 'blue' LIMIT 1   [ RunTime:0.0001s ]

[ 2015-11-15T10:06:23+08:00 ] ::1 /cleanMine/index.php/Home/Index/registerNameCheck
INFO: [ app_begin ] --START--
INFO: Run Behavior\ReadHtmlCacheBehavior [ RunTime:0.000098s ]
INFO: [ app_begin ] --END-- [ RunTime:0.000267s ]
SQL: SHOW COLUMNS FROM `user` [ RunTime:0.0014s ]
SQL: SELECT COUNT(*) AS tp_count FROM `user` WHERE `name` = '2' LIMIT 1   [ RunTime:0.0005s ]

[ 2015-11-15T10:06:28+08:00 ] ::1 /cleanMine/index.php/Home/Index/registerNameCheck
INFO: [ app_begin ] --START--
INFO: Run Behavior\ReadHtmlCacheBehavior [ RunTime:0.000095s ]
INFO: [ app_begin ] --END-- [ RunTime:0.000275s ]
SQL: SHOW COLUMNS FROM `user` [ RunTime:0.0016s ]
SQL: SELECT COUNT(*) AS tp_count FROM `user` WHERE `name` = '3' LIMIT 1   [ RunTime:0.0006s ]

[ 2015-11-15T10:06:31+08:00 ] ::1 /cleanMine/index.php/Home/Index/registerNameCheck
INFO: [ app_begin ] --START--
INFO: Run Behavior\ReadHtmlCacheBehavior [ RunTime:0.000100s ]
INFO: [ app_begin ] --END-- [ RunTime:0.000298s ]
SQL: SHOW COLUMNS FROM `user` [ RunTime:0.0011s ]
SQL: SELECT COUNT(*) AS tp_count FROM `user` WHERE `name` = '1' LIMIT 1   [ RunTime:0.0002s ]

[ 2015-11-15T10:06:32+08:00 ] ::1 /cleanMine/index.php/Home/Index/registerNameCheck
INFO: [ app_begin ] --START--
INFO: Run Behavior\ReadHtmlCacheBehavior [ RunTime:0.000018s ]
INFO: [ app_begin ] --END-- [ RunTime:0.000046s ]
SQL: SHOW COLUMNS FROM `user` [ RunTime:0.0004s ]
SQL: SELECT COUNT(*) AS tp_count FROM `user` WHERE `name` = '1' LIMIT 1   [ RunTime:0.0001s ]

[ 2015-11-15T10:45:00+08:00 ] ::1 /cleanMine/index.php/Home/Index/loginNameCheck
INFO: [ app_begin ] --START--
INFO: Run Behavior\ReadHtmlCacheBehavior [ RunTime:0.000041s ]
INFO: [ app_begin ] --END-- [ RunTime:0.000123s ]
SQL: SHOW COLUMNS FROM `user` [ RunTime:0.0005s ]
SQL: SELECT COUNT(*) AS tp_count FROM `user` WHERE `name` = 'blue' LIMIT 1   [ RunTime:0.0001s ]

[ 2015-11-15T10:45:01+08:00 ] ::1 /cleanMine/index.php/Home/Index/loginNameCheck
INFO: [ app_begin ] --START--
INFO: Run Behavior\ReadHtmlCacheBehavior [ RunTime:0.000028s ]
INFO: [ app_begin ] --END-- [ RunTime:0.000070s ]
SQL: SHOW COLUMNS FROM `user` [ RunTime:0.0006s ]
SQL: SELECT COUNT(*) AS tp_count FROM `user` WHERE `name` = 'blue' LIMIT 1   [ RunTime:0.0001s ]

[ 2015-11-15T10:45:01+08:00 ] ::1 /cleanMine/index.php/Home/Index/loginNameCheck
INFO: [ app_begin ] --START--
INFO: Run Behavior\ReadHtmlCacheBehavior [ RunTime:0.000027s ]
INFO: [ app_begin ] --END-- [ RunTime:0.000070s ]
SQL: SHOW COLUMNS FROM `user` [ RunTime:0.0006s ]
SQL: SELECT COUNT(*) AS tp_count FROM `user` WHERE `name` = 'blue' LIMIT 1   [ RunTime:0.0001s ]

[ 2015-11-15T10:45:01+08:00 ] ::1 /cleanMine/index.php/Home/Index/loginNameCheck
INFO: [ app_begin ] --START--
INFO: Run Behavior\ReadHtmlCacheBehavior [ RunTime:0.000024s ]
INFO: [ app_begin ] --END-- [ RunTime:0.000064s ]
SQL: SHOW COLUMNS FROM `user` [ RunTime:0.0006s ]
SQL: SELECT COUNT(*) AS tp_count FROM `user` WHERE `name` = 'blue' LIMIT 1   [ RunTime:0.0001s ]

[ 2015-11-15T10:45:02+08:00 ] ::1 /cleanMine/index.php/Home/Index/loginNameCheck
INFO: [ app_begin ] --START--
INFO: Run Behavior\ReadHtmlCacheBehavior [ RunTime:0.000015s ]
INFO: [ app_begin ] --END-- [ RunTime:0.000040s ]
SQL: SHOW COLUMNS FROM `user` [ RunTime:0.0006s ]
SQL: SELECT COUNT(*) AS tp_count FROM `user` WHERE `name` = 'blue' LIMIT 1   [ RunTime:0.0001s ]

[ 2015-11-15T10:45:02+08:00 ] ::1 /cleanMine/index.php/Home/Index/loginNameCheck
INFO: [ app_begin ] --START--
INFO: Run Behavior\ReadHtmlCacheBehavior [ RunTime:0.000025s ]
INFO: [ app_begin ] --END-- [ RunTime:0.000078s ]
SQL: SHOW COLUMNS FROM `user` [ RunTime:0.0006s ]
SQL: SELECT COUNT(*) AS tp_count FROM `user` WHERE `name` = 'blue' LIMIT 1   [ RunTime:0.0001s ]

[ 2015-11-15T11:06:04+08:00 ] ::1 /cleanMine/index.php/Home/Index/loginNameCheck
INFO: [ app_begin ] --START--
INFO: Run Behavior\ReadHtmlCacheBehavior [ RunTime:0.000030s ]
INFO: [ app_begin ] --END-- [ RunTime:0.000078s ]
SQL: SHOW COLUMNS FROM `user` [ RunTime:0.0006s ]
SQL: SELECT COUNT(*) AS tp_count FROM `user` WHERE `name` = 'blue' LIMIT 1   [ RunTime:0.0001s ]

[ 2015-11-15T11:26:23+08:00 ] ::1 /cleanMine/index.php/Home/Index/loginNameCheck
INFO: [ app_begin ] --START--
INFO: Run Behavior\ReadHtmlCacheBehavior [ RunTime:0.000033s ]
INFO: [ app_begin ] --END-- [ RunTime:0.000090s ]
SQL: SHOW COLUMNS FROM `user` [ RunTime:0.0006s ]
SQL: SELECT COUNT(*) AS tp_count FROM `user` WHERE `name` = 'blue' LIMIT 1   [ RunTime:0.0001s ]

[ 2015-11-15T11:32:06+08:00 ] ::1 /cleanMine/index.php/Home/Index/loginNameCheck
INFO: [ app_begin ] --START--
INFO: Run Behavior\ReadHtmlCacheBehavior [ RunTime:0.000030s ]
INFO: [ app_begin ] --END-- [ RunTime:0.000086s ]
SQL: SHOW COLUMNS FROM `user` [ RunTime:0.0006s ]
SQL: SELECT COUNT(*) AS tp_count FROM `user` WHERE `name` = 'blue' LIMIT 1   [ RunTime:0.0001s ]

[ 2015-11-15T12:35:19+08:00 ] ::1 /cleanMine/index.php/Home/Index/loginNameCheck
INFO: [ app_begin ] --START--
INFO: Run Behavior\ReadHtmlCacheBehavior [ RunTime:0.000025s ]
INFO: [ app_begin ] --END-- [ RunTime:0.000073s ]
SQL: SHOW COLUMNS FROM `user` [ RunTime:0.0005s ]
SQL: SELECT COUNT(*) AS tp_count FROM `user` WHERE `name` = 'blue' LIMIT 1   [ RunTime:0.0001s ]

[ 2015-11-15T12:35:23+08:00 ] ::1 /cleanMine/index.php/Home/Index/loginNameCheck
INFO: [ app_begin ] --START--
INFO: Run Behavior\ReadHtmlCacheBehavior [ RunTime:0.000035s ]
INFO: [ app_begin ] --END-- [ RunTime:0.000108s ]
SQL: SHOW COLUMNS FROM `user` [ RunTime:0.0006s ]
SQL: SELECT COUNT(*) AS tp_count FROM `user` WHERE `name` = 'chanran' LIMIT 1   [ RunTime:0.0003s ]

[ 2015-11-15T12:35:31+08:00 ] ::1 /cleanMine/index.php/Home/Index/loginNameCheck
INFO: [ app_begin ] --START--
INFO: Run Behavior\ReadHtmlCacheBehavior [ RunTime:0.000033s ]
INFO: [ app_begin ] --END-- [ RunTime:0.000088s ]
SQL: SHOW COLUMNS FROM `user` [ RunTime:0.0006s ]
SQL: SELECT COUNT(*) AS tp_count FROM `user` WHERE `name` = '1' LIMIT 1   [ RunTime:0.0001s ]

[ 2015-11-15T12:35:33+08:00 ] ::1 /cleanMine/index.php/Home/Index/loginNameCheck
INFO: [ app_begin ] --START--
INFO: Run Behavior\ReadHtmlCacheBehavior [ RunTime:0.000032s ]
INFO: [ app_begin ] --END-- [ RunTime:0.000086s ]
SQL: SHOW COLUMNS FROM `user` [ RunTime:0.0011s ]
SQL: SELECT COUNT(*) AS tp_count FROM `user` WHERE `name` = '1' LIMIT 1   [ RunTime:0.0001s ]

[ 2015-11-15T12:35:49+08:00 ] ::1 /cleanMine/index.php/Home/Index/loginNameCheck
INFO: [ app_begin ] --START--
INFO: Run Behavior\ReadHtmlCacheBehavior [ RunTime:0.000028s ]
INFO: [ app_begin ] --END-- [ RunTime:0.000078s ]
SQL: SHOW COLUMNS FROM `user` [ RunTime:0.0006s ]
SQL: SELECT COUNT(*) AS tp_count FROM `user` WHERE `name` = '2' LIMIT 1   [ RunTime:0.0001s ]

[ 2015-11-15T12:35:52+08:00 ] ::1 /cleanMine/index.php/Home/Index/loginNameCheck
INFO: [ app_begin ] --START--
INFO: Run Behavior\ReadHtmlCacheBehavior [ RunTime:0.000033s ]
INFO: [ app_begin ] --END-- [ RunTime:0.000085s ]
SQL: SHOW COLUMNS FROM `user` [ RunTime:0.0004s ]
SQL: SELECT COUNT(*) AS tp_count FROM `user` WHERE `name` = '3' LIMIT 1   [ RunTime:0.0001s ]

[ 2015-11-15T12:35:57+08:00 ] ::1 /cleanMine/index.php/Home/Index/loginNameCheck
INFO: [ app_begin ] --START--
INFO: Run Behavior\ReadHtmlCacheBehavior [ RunTime:0.000028s ]
INFO: [ app_begin ] --END-- [ RunTime:0.000078s ]
SQL: SHOW COLUMNS FROM `user` [ RunTime:0.0006s ]
SQL: SELECT COUNT(*) AS tp_count FROM `user` WHERE `name` = '3' LIMIT 1   [ RunTime:0.0001s ]

[ 2015-11-15T12:36:09+08:00 ] ::1 /cleanMine/index.php/Home/Index/loginNameCheck
INFO: [ app_begin ] --START--
INFO: Run Behavior\ReadHtmlCacheBehavior [ RunTime:0.000032s ]
INFO: [ app_begin ] --END-- [ RunTime:0.000089s ]
SQL: SHOW COLUMNS FROM `user` [ RunTime:0.0006s ]
SQL: SELECT COUNT(*) AS tp_count FROM `user` WHERE `name` = '3' LIMIT 1   [ RunTime:0.0001s ]

[ 2015-11-15T12:36:11+08:00 ] ::1 /cleanMine/index.php/Home/Index/loginNameCheck
INFO: [ app_begin ] --START--
INFO: Run Behavior\ReadHtmlCacheBehavior [ RunTime:0.000029s ]
INFO: [ app_begin ] --END-- [ RunTime:0.000074s ]
SQL: SHOW COLUMNS FROM `user` [ RunTime:0.0007s ]
SQL: SELECT COUNT(*) AS tp_count FROM `user` WHERE `name` = '3' LIMIT 1   [ RunTime:0.0001s ]

[ 2015-11-15T12:36:14+08:00 ] ::1 /cleanMine/index.php/Home/Index/loginNameCheck
INFO: [ app_begin ] --START--
INFO: Run Behavior\ReadHtmlCacheBehavior [ RunTime:0.000030s ]
INFO: [ app_begin ] --END-- [ RunTime:0.000079s ]
SQL: SHOW COLUMNS FROM `user` [ RunTime:0.0007s ]
SQL: SELECT COUNT(*) AS tp_count FROM `user` WHERE `name` = '2' LIMIT 1   [ RunTime:0.0016s ]

[ 2015-11-15T12:36:26+08:00 ] ::1 /cleanMine/index.php/Home/Index/loginNameCheck
INFO: [ app_begin ] --START--
INFO: Run Behavior\ReadHtmlCacheBehavior [ RunTime:0.000040s ]
INFO: [ app_begin ] --END-- [ RunTime:0.000110s ]
SQL: SHOW COLUMNS FROM `user` [ RunTime:0.0005s ]
SQL: SELECT COUNT(*) AS tp_count FROM `user` WHERE `name` = '2' LIMIT 1   [ RunTime:0.0003s ]

[ 2015-11-15T12:36:34+08:00 ] ::1 /cleanMine/index.php/Home/Index/loginNameCheck
INFO: [ app_begin ] --START--
INFO: Run Behavior\ReadHtmlCacheBehavior [ RunTime:0.000033s ]
INFO: [ app_begin ] --END-- [ RunTime:0.000083s ]
SQL: SHOW COLUMNS FROM `user` [ RunTime:0.0016s ]
SQL: SELECT COUNT(*) AS tp_count FROM `user` WHERE `name` = '2' LIMIT 1   [ RunTime:0.0002s ]

[ 2015-11-15T12:36:37+08:00 ] ::1 /cleanMine/index.php/Home/Index/loginNameCheck
INFO: [ app_begin ] --START--
INFO: Run Behavior\ReadHtmlCacheBehavior [ RunTime:0.000031s ]
INFO: [ app_begin ] --END-- [ RunTime:0.000082s ]
SQL: SHOW COLUMNS FROM `user` [ RunTime:0.0007s ]
SQL: SELECT COUNT(*) AS tp_count FROM `user` WHERE `name` = '2' LIMIT 1   [ RunTime:0.0005s ]

[ 2015-11-15T12:37:06+08:00 ] ::1 /cleanMine/index.php/Home/Index/loginNameCheck
INFO: [ app_begin ] --START--
INFO: Run Behavior\ReadHtmlCacheBehavior [ RunTime:0.000020s ]
INFO: [ app_begin ] --END-- [ RunTime:0.000052s ]
SQL: SHOW COLUMNS FROM `user` [ RunTime:0.0006s ]
SQL: SELECT COUNT(*) AS tp_count FROM `user` WHERE `name` = '2' LIMIT 1   [ RunTime:0.0001s ]

[ 2015-11-15T12:37:53+08:00 ] ::1 /cleanMine/index.php/Home/Index/loginNameCheck
INFO: [ app_begin ] --START--
INFO: Run Behavior\ReadHtmlCacheBehavior [ RunTime:0.000029s ]
INFO: [ app_begin ] --END-- [ RunTime:0.000077s ]
SQL: SHOW COLUMNS FROM `user` [ RunTime:0.0004s ]
SQL: SELECT COUNT(*) AS tp_count FROM `user` WHERE `name` = '1' LIMIT 1   [ RunTime:0.0001s ]

[ 2015-11-15T12:37:57+08:00 ] ::1 /cleanMine/index.php/Home/Index/loginNameCheck
INFO: [ app_begin ] --START--
INFO: Run Behavior\ReadHtmlCacheBehavior [ RunTime:0.000019s ]
INFO: [ app_begin ] --END-- [ RunTime:0.000051s ]
SQL: SHOW COLUMNS FROM `user` [ RunTime:0.0004s ]
SQL: SELECT COUNT(*) AS tp_count FROM `user` WHERE `name` = '2' LIMIT 1   [ RunTime:0.0001s ]

[ 2015-11-15T12:38:25+08:00 ] ::1 /cleanMine/index.php/Home/Index/loginNameCheck
INFO: [ app_begin ] --START--
INFO: Run Behavior\ReadHtmlCacheBehavior [ RunTime:0.000029s ]
INFO: [ app_begin ] --END-- [ RunTime:0.000083s ]
SQL: SHOW COLUMNS FROM `user` [ RunTime:0.0006s ]
SQL: SELECT COUNT(*) AS tp_count FROM `user` WHERE `name` = '2' LIMIT 1   [ RunTime:0.0001s ]

[ 2015-11-15T12:39:25+08:00 ] ::1 /cleanMine/index.php/Home/Index/loginNameCheck
INFO: [ app_begin ] --START--
INFO: Run Behavior\ReadHtmlCacheBehavior [ RunTime:0.000033s ]
INFO: [ app_begin ] --END-- [ RunTime:0.000086s ]
SQL: SHOW COLUMNS FROM `user` [ RunTime:0.0005s ]
SQL: SELECT COUNT(*) AS tp_count FROM `user` WHERE `name` = '' LIMIT 1   [ RunTime:0.0003s ]

[ 2015-11-15T12:44:21+08:00 ] ::1 /cleanMine/index.php/Home/Index/loginNameCheck
INFO: [ app_begin ] --START--
INFO: Run Behavior\ReadHtmlCacheBehavior [ RunTime:0.000025s ]
INFO: [ app_begin ] --END-- [ RunTime:0.000068s ]
SQL: SHOW COLUMNS FROM `user` [ RunTime:0.0004s ]
SQL: SELECT COUNT(*) AS tp_count FROM `user` WHERE `name` = 'blue' LIMIT 1   [ RunTime:0.0001s ]

[ 2015-11-15T12:44:23+08:00 ] ::1 /cleanMine/index.php/Home/Index/loginNameCheck
INFO: [ app_begin ] --START--
INFO: Run Behavior\ReadHtmlCacheBehavior [ RunTime:0.000029s ]
INFO: [ app_begin ] --END-- [ RunTime:0.000075s ]
SQL: SHOW COLUMNS FROM `user` [ RunTime:0.0005s ]
SQL: SELECT COUNT(*) AS tp_count FROM `user` WHERE `name` = 'blue' LIMIT 1   [ RunTime:0.0001s ]

[ 2015-11-15T12:44:26+08:00 ] ::1 /cleanMine/index.php/Home/Index/loginCheck
INFO: [ app_begin ] --START--
INFO: Run Behavior\ReadHtmlCacheBehavior [ RunTime:0.000018s ]
INFO: [ app_begin ] --END-- [ RunTime:0.000048s ]
SQL: SHOW COLUMNS FROM `user` [ RunTime:0.0004s ]
SQL: SELECT COUNT(*) AS tp_count FROM `user` WHERE `name` = 'blue' AND `pwd` = 'e10adc3949ba59abbe56e057f20f883e' LIMIT 1   [ RunTime:0.0001s ]
SQL: SELECT `id` FROM `user` WHERE `name` = 'blue' LIMIT 1   [ RunTime:0.0001s ]

[ 2015-11-15T14:24:39+08:00 ] ::1 /cleanMine/index.php/Home/Index/loginNameCheck
INFO: [ app_begin ] --START--
INFO: Run Behavior\ReadHtmlCacheBehavior [ RunTime:0.000042s ]
INFO: [ app_begin ] --END-- [ RunTime:0.000109s ]
SQL: SHOW COLUMNS FROM `user` [ RunTime:0.0007s ]
SQL: SELECT COUNT(*) AS tp_count FROM `user` WHERE `name` = 'blue' LIMIT 1   [ RunTime:0.0001s ]

[ 2015-11-15T14:24:42+08:00 ] ::1 /cleanMine/index.php/Home/Index/loginCheck
INFO: [ app_begin ] --START--
INFO: Run Behavior\ReadHtmlCacheBehavior [ RunTime:0.000020s ]
INFO: [ app_begin ] --END-- [ RunTime:0.000051s ]
SQL: SHOW COLUMNS FROM `user` [ RunTime:0.0004s ]
SQL: SELECT COUNT(*) AS tp_count FROM `user` WHERE `name` = 'blue' AND `pwd` = 'e10adc3949ba59abbe56e057f20f883e' LIMIT 1   [ RunTime:0.0001s ]

[ 2015-11-15T14:27:45+08:00 ] ::1 /cleanMine/index.php/Home/Index/loginNameCheck
INFO: [ app_begin ] --START--
INFO: Run Behavior\ReadHtmlCacheBehavior [ RunTime:0.000042s ]
INFO: [ app_begin ] --END-- [ RunTime:0.000111s ]
SQL: SHOW COLUMNS FROM `user` [ RunTime:0.0007s ]
SQL: SELECT COUNT(*) AS tp_count FROM `user` WHERE `name` = 'chanra' LIMIT 1   [ RunTime:0.0003s ]

[ 2015-11-15T14:27:50+08:00 ] ::1 /cleanMine/index.php/Home/Index/loginNameCheck
INFO: [ app_begin ] --START--
INFO: Run Behavior\ReadHtmlCacheBehavior [ RunTime:0.000022s ]
INFO: [ app_begin ] --END-- [ RunTime:0.000067s ]
SQL: SHOW COLUMNS FROM `user` [ RunTime:0.0005s ]
SQL: SELECT COUNT(*) AS tp_count FROM `user` WHERE `name` = 'chanran' LIMIT 1   [ RunTime:0.0001s ]

[ 2015-11-15T14:27:53+08:00 ] ::1 /cleanMine/index.php/Home/Index/loginCheck
INFO: [ app_begin ] --START--
INFO: Run Behavior\ReadHtmlCacheBehavior [ RunTime:0.000018s ]
INFO: [ app_begin ] --END-- [ RunTime:0.000053s ]
SQL: SHOW COLUMNS FROM `user` [ RunTime:0.0007s ]
SQL: SELECT COUNT(*) AS tp_count FROM `user` WHERE `name` = 'chanran' AND `pwd` = 'e10adc3949ba59abbe56e057f20f883e' LIMIT 1   [ RunTime:0.0003s ]

[ 2015-11-15T14:42:31+08:00 ] ::1 /cleanMine/index.php/Home/Index/index.php/Home/Index/createRecord
INFO: [ app_begin ] --START--
INFO: Run Behavior\ReadHtmlCacheBehavior [ RunTime:0.000030s ]
INFO: [ app_begin ] --END-- [ RunTime:0.000074s ]
ERR: 非法操作:index.php

[ 2015-11-15T14:43:40+08:00 ] ::1 /cleanMine/index.php/Home/Index/index.php/Home/Index/createRecord
INFO: [ app_begin ] --START--
INFO: Run Behavior\ReadHtmlCacheBehavior [ RunTime:0.000054s ]
INFO: [ app_begin ] --END-- [ RunTime:0.000143s ]
ERR: 非法操作:index.php

[ 2015-11-15T14:44:47+08:00 ] ::1 /cleanMine/index.php/Home/Index/index.php/Home/Index/createRecord
INFO: [ app_begin ] --START--
INFO: Run Behavior\ReadHtmlCacheBehavior [ RunTime:0.000031s ]
INFO: [ app_begin ] --END-- [ RunTime:0.000077s ]
ERR: 非法操作:index.php

[ 2015-11-15T14:45:03+08:00 ] ::1 /cleanMine/index.php/Home/Index/index.php/Home/Index/createRecord
INFO: [ app_begin ] --START--
INFO: Run Behavior\ReadHtmlCacheBehavior [ RunTime:0.000017s ]
INFO: [ app_begin ] --END-- [ RunTime:0.000042s ]
ERR: 非法操作:index.php

[ 2015-11-15T14:45:12+08:00 ] ::1 /cleanMine/index.php/Home/Index/index.php/Home/Index/createRecord
INFO: [ app_begin ] --START--
INFO: Run Behavior\ReadHtmlCacheBehavior [ RunTime:0.000041s ]
INFO: [ app_begin ] --END-- [ RunTime:0.000102s ]
ERR: 非法操作:index.php

[ 2015-11-15T14:45:46+08:00 ] ::1 /cleanMine/index.php/Home/Index/index.php/Home/Index/createRecord
INFO: [ app_begin ] --START--
INFO: Run Behavior\ReadHtmlCacheBehavior [ RunTime:0.000045s ]
INFO: [ app_begin ] --END-- [ RunTime:0.000115s ]
ERR: 非法操作:index.php

[ 2015-11-15T14:45:52+08:00 ] ::1 /cleanMine/index.php/Home/Index/index.php/Home/Index/createRecord
INFO: [ app_begin ] --START--
INFO: Run Behavior\ReadHtmlCacheBehavior [ RunTime:0.000018s ]
INFO: [ app_begin ] --END-- [ RunTime:0.000047s ]
ERR: 非法操作:index.php

[ 2015-11-15T14:50:58+08:00 ] ::1 /cleanMine/index.php/Home/Index/loginNameCheck
INFO: [ app_begin ] --START--
INFO: Run Behavior\ReadHtmlCacheBehavior [ RunTime:0.000117s ]
INFO: [ app_begin ] --END-- [ RunTime:0.000295s ]
SQL: SHOW COLUMNS FROM `user` [ RunTime:0.0013s ]
ERR: 1267:Illegal mix of collations (latin1_swedish_ci,IMPLICIT) and (utf8_general_ci,COERCIBLE) for operation '='
 [ SQL语句 ] : SELECT COUNT(*) AS tp_count FROM `user` WHERE `name` = '３' LIMIT 1  
ERR: 1267:Illegal mix of collations (latin1_swedish_ci,IMPLICIT) and (utf8_general_ci,COERCIBLE) for operation '='
 [ SQL语句 ] : SELECT COUNT(*) AS tp_count FROM `user` WHERE `name` = '３' LIMIT 1  

[ 2015-11-15T14:51:04+08:00 ] ::1 /cleanMine/index.php/Home/Index/loginNameCheck
INFO: [ app_begin ] --START--
INFO: Run Behavior\ReadHtmlCacheBehavior [ RunTime:0.000078s ]
INFO: [ app_begin ] --END-- [ RunTime:0.000259s ]
SQL: SHOW COLUMNS FROM `user` [ RunTime:0.0011s ]
SQL: SELECT COUNT(*) AS tp_count FROM `user` WHERE `name` = '' LIMIT 1   [ RunTime:0.0002s ]

[ 2015-11-15T15:11:07+08:00 ] ::1 /cleanMine/index.php/Home/Index/loginNameCheck
INFO: [ app_begin ] --START--
INFO: Run Behavior\ReadHtmlCacheBehavior [ RunTime:0.000072s ]
INFO: [ app_begin ] --END-- [ RunTime:0.000196s ]
SQL: SHOW COLUMNS FROM `user` [ RunTime:0.0009s ]
SQL: SELECT COUNT(*) AS tp_count FROM `user` WHERE `name` = '' LIMIT 1   [ RunTime:0.0002s ]

[ 2015-11-15T15:11:11+08:00 ] ::1 /cleanMine/index.php/Home/Index/registerNameCheck
INFO: [ app_begin ] --START--
INFO: Run Behavior\ReadHtmlCacheBehavior [ RunTime:0.000097s ]
INFO: [ app_begin ] --END-- [ RunTime:0.000262s ]
SQL: SHOW COLUMNS FROM `user` [ RunTime:0.0015s ]
SQL: SELECT COUNT(*) AS tp_count FROM `user` WHERE `name` = '' LIMIT 1   [ RunTime:0.0003s ]

[ 2015-11-15T15:11:15+08:00 ] ::1 /cleanMine/index.php/Home/Index/registerNameCheck
INFO: [ app_begin ] --START--
INFO: Run Behavior\ReadHtmlCacheBehavior [ RunTime:0.000082s ]
INFO: [ app_begin ] --END-- [ RunTime:0.000225s ]
SQL: SHOW COLUMNS FROM `user` [ RunTime:0.0013s ]
ERR: 1267:Illegal mix of collations (latin1_swedish_ci,IMPLICIT) and (utf8_general_ci,COERCIBLE) for operation '='
 [ SQL语句 ] : SELECT COUNT(*) AS tp_count FROM `user` WHERE `name` = 'ｆｄｆ' LIMIT 1  
ERR: 1267:Illegal mix of collations (latin1_swedish_ci,IMPLICIT) and (utf8_general_ci,COERCIBLE) for operation '='
 [ SQL语句 ] : SELECT COUNT(*) AS tp_count FROM `user` WHERE `name` = 'ｆｄｆ' LIMIT 1  

[ 2015-11-15T15:14:48+08:00 ] ::1 /cleanMine/index.php/Home/Index/loginNameCheck
INFO: [ app_begin ] --START--
INFO: Run Behavior\ReadHtmlCacheBehavior [ RunTime:0.000024s ]
INFO: [ app_begin ] --END-- [ RunTime:0.000073s ]
SQL: SHOW COLUMNS FROM `user` [ RunTime:0.0005s ]
SQL: SELECT COUNT(*) AS tp_count FROM `user` WHERE `name` = 'blue' LIMIT 1   [ RunTime:0.0001s ]

[ 2015-11-15T15:17:31+08:00 ] ::1 /cleanMine/index.php/Home/Index/loginCheck
INFO: [ app_begin ] --START--
INFO: Run Behavior\ReadHtmlCacheBehavior [ RunTime:0.000055s ]
INFO: [ app_begin ] --END-- [ RunTime:0.000168s ]
SQL: SHOW COLUMNS FROM `user` [ RunTime:0.0015s ]
SQL: SELECT COUNT(*) AS tp_count FROM `user` WHERE `name` = 'blue' AND `pwd` = 'e10adc3949ba59abbe56e057f20f883e' LIMIT 1   [ RunTime:0.0002s ]

[ 2015-11-15T15:17:36+08:00 ] ::1 /cleanMine/index.php/Home/Index/index.php/Home/Index/createRecord
INFO: [ app_begin ] --START--
INFO: Run Behavior\ReadHtmlCacheBehavior [ RunTime:0.000047s ]
INFO: [ app_begin ] --END-- [ RunTime:0.000126s ]
ERR: 非法操作:index.php

[ 2015-11-15T15:47:25+08:00 ] ::1 /cleanMine/index.php/Home/Index/registerNameCheck
INFO: [ app_begin ] --START--
INFO: Run Behavior\ReadHtmlCacheBehavior [ RunTime:0.000026s ]
INFO: [ app_begin ] --END-- [ RunTime:0.000079s ]
SQL: SHOW COLUMNS FROM `user` [ RunTime:0.0009s ]
SQL: SELECT COUNT(*) AS tp_count FROM `user` WHERE `name` = 'blue' LIMIT 1   [ RunTime:0.0001s ]

[ 2015-11-15T15:47:34+08:00 ] ::1 /cleanMine/index.php/Home/Index/loginNameCheck
INFO: [ app_begin ] --START--
INFO: Run Behavior\ReadHtmlCacheBehavior [ RunTime:0.000035s ]
INFO: [ app_begin ] --END-- [ RunTime:0.000110s ]
SQL: SHOW COLUMNS FROM `user` [ RunTime:0.0006s ]
SQL: SELECT COUNT(*) AS tp_count FROM `user` WHERE `name` = 'blue' LIMIT 1   [ RunTime:0.0001s ]

[ 2015-11-15T15:47:38+08:00 ] ::1 /cleanMine/index.php/Home/Index/loginCheck
INFO: [ app_begin ] --START--
INFO: Run Behavior\ReadHtmlCacheBehavior [ RunTime:0.000044s ]
INFO: [ app_begin ] --END-- [ RunTime:0.000130s ]
SQL: SHOW COLUMNS FROM `user` [ RunTime:0.0009s ]
SQL: SELECT COUNT(*) AS tp_count FROM `user` WHERE `name` = 'blue' AND `pwd` = 'e10adc3949ba59abbe56e057f20f883e' LIMIT 1   [ RunTime:0.0001s ]

[ 2015-11-15T15:48:04+08:00 ] ::1 /cleanMine/index.php/Home/Index/index.php/Home/Index/createRecord
INFO: [ app_begin ] --START--
INFO: Run Behavior\ReadHtmlCacheBehavior [ RunTime:0.000020s ]
INFO: [ app_begin ] --END-- [ RunTime:0.000051s ]
ERR: 非法操作:index.php

[ 2015-11-15T16:17:29+08:00 ] ::1 /cleanMine/index.php/Home/Index/index.php/Home/Index/createRecord
INFO: [ app_begin ] --START--
INFO: Run Behavior\ReadHtmlCacheBehavior [ RunTime:0.000027s ]
INFO: [ app_begin ] --END-- [ RunTime:0.000074s ]
ERR: 非法操作:index.php

[ 2015-11-15T16:18:19+08:00 ] ::1 /cleanMine/index.php/Home/Index/index.php/Home/Index/createRecord
INFO: [ app_begin ] --START--
INFO: Run Behavior\ReadHtmlCacheBehavior [ RunTime:0.000033s ]
INFO: [ app_begin ] --END-- [ RunTime:0.000081s ]
ERR: 非法操作:index.php

[ 2015-11-15T16:19:02+08:00 ] ::1 /cleanMine/index.php/Home/Index/index.php/Home/Index/createRecord
INFO: [ app_begin ] --START--
INFO: Run Behavior\ReadHtmlCacheBehavior [ RunTime:0.000044s ]
INFO: [ app_begin ] --END-- [ RunTime:0.000118s ]
ERR: 非法操作:index.php

[ 2015-11-15T16:19:33+08:00 ] ::1 /cleanMine/index.php/Home/Index/createRecord
INFO: [ app_begin ] --START--
INFO: Run Behavior\ReadHtmlCacheBehavior [ RunTime:0.000044s ]
INFO: [ app_begin ] --END-- [ RunTime:0.000119s ]
SQL: SHOW COLUMNS FROM `user` [ RunTime:0.0009s ]
NOTIC: [8] Undefined index: validate /var/www/cleanMine/ThinkPHP/Library/Think/Model.class.php 第 1185 行.
NOTIC: [8] Undefined index: auto /var/www/cleanMine/ThinkPHP/Library/Think/Model.class.php 第 1128 行.
SQL: INSERT INTO `user` (`name`,`cost_time`,`mine_num`,`create_time`) VALUES ('blue','0','25','20151115 16:19:33') [ RunTime:0.0368s ]
INFO: [ app_end ] --START--
INFO: Run Behavior\ShowPageTraceBehavior [ RunTime:0.000041s ]
INFO: [ app_end ] --END-- [ RunTime:0.000062s ]

[ 2015-11-15T17:26:44+08:00 ] ::1 /cleanMine/index.php/Home/Index/createRecord
INFO: [ app_begin ] --START--
INFO: Run Behavior\ReadHtmlCacheBehavior [ RunTime:0.000040s ]
INFO: [ app_begin ] --END-- [ RunTime:0.000111s ]
SQL: SHOW COLUMNS FROM `user` [ RunTime:0.0004s ]
NOTIC: [8] Undefined index: validate /var/www/cleanMine/ThinkPHP/Library/Think/Model.class.php 第 1185 行.
NOTIC: [8] Undefined index: auto /var/www/cleanMine/ThinkPHP/Library/Think/Model.class.php 第 1128 行.
SQL: UPDATE `user` SET `name`='',`cost_time`='6',`mine_num`='21',`create_time`='20151115 17:26:44' WHERE `name` = '' [ RunTime:0.0002s ]
INFO: [ app_end ] --START--
INFO: Run Behavior\ShowPageTraceBehavior [ RunTime:0.000036s ]
INFO: [ app_end ] --END-- [ RunTime:0.000053s ]

[ 2015-11-15T17:28:51+08:00 ] ::1 /cleanMine/index.php/Home/Index/index.php/Home/Index/createRecord
INFO: [ app_begin ] --START--
INFO: Run Behavior\ReadHtmlCacheBehavior [ RunTime:0.000036s ]
INFO: [ app_begin ] --END-- [ RunTime:0.000100s ]
ERR: 非法操作:index.php

[ 2015-11-15T17:28:58+08:00 ] ::1 /cleanMine/index.php/Home/Index/index.php/Home/Index/createRecord
INFO: [ app_begin ] --START--
INFO: Run Behavior\ReadHtmlCacheBehavior [ RunTime:0.000060s ]
INFO: [ app_begin ] --END-- [ RunTime:0.000164s ]
ERR: 非法操作:index.php

[ 2015-11-15T17:29:17+08:00 ] ::1 /cleanMine/index.php/Home/Index/createRecord
INFO: [ app_begin ] --START--
INFO: Run Behavior\ReadHtmlCacheBehavior [ RunTime:0.000052s ]
INFO: [ app_begin ] --END-- [ RunTime:0.000143s ]
SQL: SHOW COLUMNS FROM `user` [ RunTime:0.0006s ]
NOTIC: [8] Undefined index: validate /var/www/cleanMine/ThinkPHP/Library/Think/Model.class.php 第 1185 行.
NOTIC: [8] Undefined index: auto /var/www/cleanMine/ThinkPHP/Library/Think/Model.class.php 第 1128 行.
SQL: UPDATE `user` SET `name`='',`cost_time`='3',`mine_num`='20',`create_time`='20151115 17:29:17' WHERE `name` = '' [ RunTime:0.0002s ]
INFO: [ app_end ] --START--
INFO: Run Behavior\ShowPageTraceBehavior [ RunTime:0.000046s ]
INFO: [ app_end ] --END-- [ RunTime:0.000071s ]

[ 2015-11-15T17:29:45+08:00 ] ::1 /cleanMine/index.php/Home/Index/createRecord
INFO: [ app_begin ] --START--
INFO: Run Behavior\ReadHtmlCacheBehavior [ RunTime:0.000029s ]
INFO: [ app_begin ] --END-- [ RunTime:0.000076s ]
SQL: SHOW COLUMNS FROM `user` [ RunTime:0.0006s ]
NOTIC: [8] Undefined index: validate /var/www/cleanMine/ThinkPHP/Library/Think/Model.class.php 第 1185 行.
NOTIC: [8] Undefined index: auto /var/www/cleanMine/ThinkPHP/Library/Think/Model.class.php 第 1128 行.
SQL: UPDATE `user` SET `name`='',`cost_time`='1',`mine_num`='29',`create_time`='20151115 17:29:45' WHERE `name` = '' [ RunTime:0.0003s ]
INFO: [ app_end ] --START--
INFO: Run Behavior\ShowPageTraceBehavior [ RunTime:0.000065s ]
INFO: [ app_end ] --END-- [ RunTime:0.000112s ]

[ 2015-11-15T17:30:11+08:00 ] ::1 /cleanMine/index.php/Home/Index/loginNameCheck
INFO: [ app_begin ] --START--
INFO: Run Behavior\ReadHtmlCacheBehavior [ RunTime:0.000063s ]
INFO: [ app_begin ] --END-- [ RunTime:0.000169s ]
SQL: SHOW COLUMNS FROM `user` [ RunTime:0.0009s ]
SQL: SELECT COUNT(*) AS tp_count FROM `user` WHERE `name` = '5' LIMIT 1   [ RunTime:0.0003s ]

[ 2015-11-15T17:30:15+08:00 ] ::1 /cleanMine/index.php/Home/Index/loginNameCheck
INFO: [ app_begin ] --START--
INFO: Run Behavior\ReadHtmlCacheBehavior [ RunTime:0.000058s ]
INFO: [ app_begin ] --END-- [ RunTime:0.000157s ]
SQL: SHOW COLUMNS FROM `user` [ RunTime:0.0012s ]
SQL: SELECT COUNT(*) AS tp_count FROM `user` WHERE `name` = '5' LIMIT 1   [ RunTime:0.0003s ]

[ 2015-11-15T17:30:22+08:00 ] ::1 /cleanMine/index.php/Home/Index/loginNameCheck
INFO: [ app_begin ] --START--
INFO: Run Behavior\ReadHtmlCacheBehavior [ RunTime:0.000080s ]
INFO: [ app_begin ] --END-- [ RunTime:0.000214s ]
SQL: SHOW COLUMNS FROM `user` [ RunTime:0.0014s ]
SQL: SELECT COUNT(*) AS tp_count FROM `user` WHERE `name` = '5' LIMIT 1   [ RunTime:0.0002s ]

[ 2015-11-15T17:30:32+08:00 ] ::1 /cleanMine/index.php/Home/Index/loginNameCheck
INFO: [ app_begin ] --START--
INFO: Run Behavior\ReadHtmlCacheBehavior [ RunTime:0.000082s ]
INFO: [ app_begin ] --END-- [ RunTime:0.000226s ]
SQL: SHOW COLUMNS FROM `user` [ RunTime:0.0013s ]
SQL: SELECT COUNT(*) AS tp_count FROM `user` WHERE `name` = '1' LIMIT 1   [ RunTime:0.0005s ]

[ 2015-11-15T17:30:37+08:00 ] ::1 /cleanMine/index.php/Home/Index/loginNameCheck
INFO: [ app_begin ] --START--
INFO: Run Behavior\ReadHtmlCacheBehavior [ RunTime:0.000056s ]
INFO: [ app_begin ] --END-- [ RunTime:0.000162s ]
SQL: SHOW COLUMNS FROM `user` [ RunTime:0.0025s ]
SQL: SELECT COUNT(*) AS tp_count FROM `user` WHERE `name` = '2' LIMIT 1   [ RunTime:0.0007s ]

[ 2015-11-15T17:30:44+08:00 ] ::1 /cleanMine/index.php/Home/Index/loginCheck
INFO: [ app_begin ] --START--
INFO: Run Behavior\ReadHtmlCacheBehavior [ RunTime:0.000034s ]
INFO: [ app_begin ] --END-- [ RunTime:0.000088s ]
SQL: SHOW COLUMNS FROM `user` [ RunTime:0.0006s ]
SQL: SELECT COUNT(*) AS tp_count FROM `user` WHERE `name` = '2' AND `pwd` = 'c4ca4238a0b923820dcc509a6f75849b' LIMIT 1   [ RunTime:0.0003s ]

[ 2015-11-15T17:30:49+08:00 ] ::1 /cleanMine/index.php/Home/Index/loginCheck
INFO: [ app_begin ] --START--
INFO: Run Behavior\ReadHtmlCacheBehavior [ RunTime:0.000029s ]
INFO: [ app_begin ] --END-- [ RunTime:0.000074s ]
SQL: SHOW COLUMNS FROM `user` [ RunTime:0.0006s ]
SQL: SELECT COUNT(*) AS tp_count FROM `user` WHERE `name` = '2' AND `pwd` = 'e10adc3949ba59abbe56e057f20f883e' LIMIT 1   [ RunTime:0.0002s ]

[ 2015-11-15T17:30:57+08:00 ] ::1 /cleanMine/index.php/Home/Index/createRecord
INFO: [ app_begin ] --START--
INFO: Run Behavior\ReadHtmlCacheBehavior [ RunTime:0.000077s ]
INFO: [ app_begin ] --END-- [ RunTime:0.000209s ]
SQL: SHOW COLUMNS FROM `user` [ RunTime:0.0009s ]
NOTIC: [8] Undefined index: validate /var/www/cleanMine/ThinkPHP/Library/Think/Model.class.php 第 1185 行.
NOTIC: [8] Undefined index: auto /var/www/cleanMine/ThinkPHP/Library/Think/Model.class.php 第 1128 行.
SQL: UPDATE `user` SET `name`='2',`cost_time`='2',`mine_num`='20',`create_time`='20151115 17:30:57' WHERE `name` = '2' [ RunTime:0.0393s ]
INFO: [ app_end ] --START--
INFO: Run Behavior\ShowPageTraceBehavior [ RunTime:0.000058s ]
INFO: [ app_end ] --END-- [ RunTime:0.000088s ]

[ 2015-11-15T17:31:04+08:00 ] ::1 /cleanMine/index.php/Home/Index/createRecord
INFO: [ app_begin ] --START--
INFO: Run Behavior\ReadHtmlCacheBehavior [ RunTime:0.000046s ]
INFO: [ app_begin ] --END-- [ RunTime:0.000123s ]
SQL: SHOW COLUMNS FROM `user` [ RunTime:0.0008s ]
NOTIC: [8] Undefined index: validate /var/www/cleanMine/ThinkPHP/Library/Think/Model.class.php 第 1185 行.
NOTIC: [8] Undefined index: auto /var/www/cleanMine/ThinkPHP/Library/Think/Model.class.php 第 1128 行.
SQL: UPDATE `user` SET `name`='2',`cost_time`='0',`mine_num`='24',`create_time`='20151115 17:31:03' WHERE `name` = '2' [ RunTime:0.0390s ]
INFO: [ app_end ] --START--
INFO: Run Behavior\ShowPageTraceBehavior [ RunTime:0.000072s ]
INFO: [ app_end ] --END-- [ RunTime:0.000104s ]

[ 2015-11-15T17:32:30+08:00 ] ::1 /cleanMine/index.php/Home/Index/createRecord
INFO: [ app_begin ] --START--
INFO: Run Behavior\ReadHtmlCacheBehavior [ RunTime:0.000071s ]
INFO: [ app_begin ] --END-- [ RunTime:0.000195s ]
SQL: SHOW COLUMNS FROM `user` [ RunTime:0.0013s ]
NOTIC: [8] Undefined index: validate /var/www/cleanMine/ThinkPHP/Library/Think/Model.class.php 第 1185 行.
NOTIC: [8] Undefined index: auto /var/www/cleanMine/ThinkPHP/Library/Think/Model.class.php 第 1128 行.
SQL: UPDATE `user` SET `name`='2',`cost_time`='3',`mine_num`='26',`create_time`='20151115 17:32:30' WHERE `name` = '2' [ RunTime:0.0216s ]

[ 2015-11-15T17:34:51+08:00 ] ::1 /cleanMine/index.php/Home/Index/registerNameCheck
INFO: [ app_begin ] --START--
INFO: Run Behavior\ReadHtmlCacheBehavior [ RunTime:0.000041s ]
INFO: [ app_begin ] --END-- [ RunTime:0.000120s ]
SQL: SHOW COLUMNS FROM `user` [ RunTime:0.0006s ]
SQL: SELECT COUNT(*) AS tp_count FROM `user` WHERE `name` = '' LIMIT 1   [ RunTime:0.0005s ]

[ 2015-11-15T17:35:51+08:00 ] ::1 /cleanMine/index.php/Home/Index/loginNameCheck
INFO: [ app_begin ] --START--
INFO: Run Behavior\ReadHtmlCacheBehavior [ RunTime:0.000089s ]
INFO: [ app_begin ] --END-- [ RunTime:0.000259s ]
SQL: SHOW COLUMNS FROM `user` [ RunTime:0.0014s ]
SQL: SELECT COUNT(*) AS tp_count FROM `user` WHERE `name` = 'blue' LIMIT 1   [ RunTime:0.0006s ]

[ 2015-11-15T17:35:57+08:00 ] ::1 /cleanMine/index.php/Home/Index/loginCheck
INFO: [ app_begin ] --START--
INFO: Run Behavior\ReadHtmlCacheBehavior [ RunTime:0.000019s ]
INFO: [ app_begin ] --END-- [ RunTime:0.000055s ]
SQL: SHOW COLUMNS FROM `user` [ RunTime:0.0007s ]
SQL: SELECT COUNT(*) AS tp_count FROM `user` WHERE `name` = 'blue' AND `pwd` = 'e10adc3949ba59abbe56e057f20f883e' LIMIT 1   [ RunTime:0.0003s ]

[ 2015-11-15T17:37:22+08:00 ] ::1 /cleanMine/index.php/Home/Index/createRecord
INFO: [ app_begin ] --START--
INFO: Run Behavior\ReadHtmlCacheBehavior [ RunTime:0.000049s ]
INFO: [ app_begin ] --END-- [ RunTime:0.000092s ]
SQL: SHOW COLUMNS FROM `user` [ RunTime:0.0005s ]
NOTIC: [8] Undefined index: validate /var/www/cleanMine/ThinkPHP/Library/Think/Model.class.php 第 1185 行.
NOTIC: [8] Undefined index: auto /var/www/cleanMine/ThinkPHP/Library/Think/Model.class.php 第 1128 行.
SQL: UPDATE `user` SET `name`='blue',`cost_time`='0',`mine_num`='25',`create_time`='20151115 17:37:22' WHERE `name` = 'blue' [ RunTime:0.0453s ]

[ 2015-11-15T18:02:10+08:00 ] ::1 /cleanMine/index.php/Home/Index/loginCheck
INFO: [ app_begin ] --START--
INFO: Run Behavior\ReadHtmlCacheBehavior [ RunTime:0.000025s ]
INFO: [ app_begin ] --END-- [ RunTime:0.000070s ]
SQL: SHOW COLUMNS FROM `user` [ RunTime:0.0006s ]
SQL: SELECT COUNT(*) AS tp_count FROM `user` WHERE `name` = '' AND `pwd` = 'd41d8cd98f00b204e9800998ecf8427e' LIMIT 1   [ RunTime:0.0002s ]

[ 2015-11-15T18:07:57+08:00 ] ::1 /cleanMine/index.php/Home/Index/loginNameCheck
INFO: [ app_begin ] --START--
INFO: Run Behavior\ReadHtmlCacheBehavior [ RunTime:0.000032s ]
INFO: [ app_begin ] --END-- [ RunTime:0.000088s ]
SQL: SHOW COLUMNS FROM `user` [ RunTime:0.0007s ]
SQL: SELECT COUNT(*) AS tp_count FROM `user` WHERE `name` = 'blue' LIMIT 1   [ RunTime:0.0003s ]

[ 2015-11-15T18:08:01+08:00 ] ::1 /cleanMine/index.php/Home/Index/loginCheck
INFO: [ app_begin ] --START--
INFO: Run Behavior\ReadHtmlCacheBehavior [ RunTime:0.000019s ]
INFO: [ app_begin ] --END-- [ RunTime:0.000054s ]
SQL: SHOW COLUMNS FROM `user` [ RunTime:0.0004s ]
SQL: SELECT COUNT(*) AS tp_count FROM `user` WHERE `name` = 'blue' AND `pwd` = 'e10adc3949ba59abbe56e057f20f883e' LIMIT 1   [ RunTime:0.0002s ]

[ 2015-11-15T18:08:04+08:00 ] ::1 /cleanMine/index.php/Home/Index/index.php/Home/Index/rank?user=blue
ERR: 非法操作:index.php

[ 2015-11-15T18:08:41+08:00 ] ::1 /cleanMine/index.php/Home/Index/index.php/Home/Index/rank?user=blue
ERR: 非法操作:index.php

[ 2015-11-15T18:09:21+08:00 ] ::1 /cleanMine/index.php/Home/Index/index.php/Home/Index/rank?user=blue
ERR: 非法操作:index.php

[ 2015-11-15T18:09:22+08:00 ] ::1 /cleanMine/index.php/Home/Index/index.php/Home/Index/rank?user=blue
ERR: 非法操作:index.php

[ 2015-11-15T18:10:27+08:00 ] ::1 /cleanMine/index.php/Home/Index/index.php/Home/Index/rank?user=blue
ERR: 非法操作:index.php

[ 2015-11-15T18:12:24+08:00 ] ::1 /cleanMine/index.php/Home/Index/index.php/Home/Index/rank?user=blue
ERR: 非法操作:index.php

[ 2015-11-15T18:12:25+08:00 ] ::1 /cleanMine/index.php/Home/Index/index.php/Home/Index/rank?user=blue
ERR: 非法操作:index.php

[ 2015-11-15T18:12:28+08:00 ] ::1 /cleanMine/index.php/Home/Index/rank?user=blue
ERR: 模板不存在:./Application/Home/View/Index/rank.html

[ 2015-11-15T19:52:36+08:00 ] ::1 /cleanMine/index.php/Home/Index/loginNameCheck
INFO: [ app_begin ] --START--
INFO: Run Behavior\ReadHtmlCacheBehavior [ RunTime:0.000131s ]
INFO: [ app_begin ] --END-- [ RunTime:0.000345s ]
SQL: SHOW COLUMNS FROM `user` [ RunTime:0.0012s ]
SQL: SELECT COUNT(*) AS tp_count FROM `user` WHERE `name` = 'blue' LIMIT 1   [ RunTime:0.0002s ]

[ 2015-11-15T19:52:42+08:00 ] ::1 /cleanMine/index.php/Home/Index/loginCheck
INFO: [ app_begin ] --START--
INFO: Run Behavior\ReadHtmlCacheBehavior [ RunTime:0.000023s ]
INFO: [ app_begin ] --END-- [ RunTime:0.000062s ]
SQL: SHOW COLUMNS FROM `user` [ RunTime:0.0006s ]
SQL: SELECT COUNT(*) AS tp_count FROM `user` WHERE `name` = 'blue' AND `pwd` = 'e10adc3949ba59abbe56e057f20f883e' LIMIT 1   [ RunTime:0.0001s ]

[ 2015-11-15T19:52:45+08:00 ] ::1 /cleanMine/index.php/Home/Index/createRecord
INFO: [ app_begin ] --START--
INFO: Run Behavior\ReadHtmlCacheBehavior [ RunTime:0.000065s ]
INFO: [ app_begin ] --END-- [ RunTime:0.000182s ]
SQL: SHOW COLUMNS FROM `user` [ RunTime:0.0010s ]
NOTIC: [8] Undefined index: validate /var/www/cleanMine/ThinkPHP/Library/Think/Model.class.php 第 1185 行.
NOTIC: [8] Undefined index: auto /var/www/cleanMine/ThinkPHP/Library/Think/Model.class.php 第 1128 行.
SQL: UPDATE `user` SET `name`='blue',`cost_time`='1',`mine_num`='20',`create_time`='20151115 19:52:45' WHERE `name` = 'blue' [ RunTime:0.0783s ]

[ 2015-11-15T19:53:45+08:00 ] ::1 /cleanMine/index.php/Home/Index/createRecord
INFO: [ app_begin ] --START--
INFO: Run Behavior\ReadHtmlCacheBehavior [ RunTime:0.000057s ]
INFO: [ app_begin ] --END-- [ RunTime:0.000148s ]
SQL: SHOW COLUMNS FROM `user` [ RunTime:0.0005s ]
NOTIC: [8] Undefined index: validate /var/www/cleanMine/ThinkPHP/Library/Think/Model.class.php 第 1185 行.
NOTIC: [8] Undefined index: auto /var/www/cleanMine/ThinkPHP/Library/Think/Model.class.php 第 1128 行.
SQL: UPDATE `user` SET `name`='blue',`cost_time`='1',`mine_num`='25',`create_time`='20151115' WHERE `name` = 'blue' [ RunTime:0.0557s ]

[ 2015-11-15T19:54:04+08:00 ] ::1 /cleanMine/index.php/Home/Index/createRecord
INFO: [ app_begin ] --START--
INFO: Run Behavior\ReadHtmlCacheBehavior [ RunTime:0.000015s ]
INFO: [ app_begin ] --END-- [ RunTime:0.000040s ]
SQL: SHOW COLUMNS FROM `user` [ RunTime:0.0005s ]
NOTIC: [8] Undefined index: validate /var/www/cleanMine/ThinkPHP/Library/Think/Model.class.php 第 1185 行.
NOTIC: [8] Undefined index: auto /var/www/cleanMine/ThinkPHP/Library/Think/Model.class.php 第 1128 行.
SQL: UPDATE `user` SET `name`='blue',`cost_time`='0',`mine_num`='22',`create_time`='20151115' WHERE `name` = 'blue' [ RunTime:0.0610s ]

